
3904607 : 0x2baed2a631749d : 1 : spill_jit_data :  Jit agent is not initialized
3904567 : 0x2baed2a631f7f5 : 2 : ittapi_config_mask_get :  --itt-config mask to be applied: 55
3904567 : 0x2baed2a6326829 : 2 : ittapi_config_apply_per_lib :  ITTAPI function instrumented: __itt_domain_create
3904567 : 0x2baed2a6327a77 : 2 : ittapi_config_apply_per_lib :  ITTAPI function instrumented: __itt_module_load_with_sections
3904567 : 0x2baed2a63294cd : 2 : ittapi_config_apply_per_lib :  ITTAPI function not implemented: __itt_module_unload_with_sections
3904567 : 0x2baed2a632a93d : 2 : ittapi_config_apply_per_lib :  ITTAPI function instrumented: __itt_string_handle_create
3904567 : 0x2baed2a632b517 : 2 : ittapi_config_apply_per_lib :  ITTAPI function instrumented: __itt_counter_create
3904567 : 0x2baed2a632bf51 : 2 : ittapi_config_apply_per_lib :  ITTAPI function instrumented: __itt_counter_create_typed
3904567 : 0x2baed2a632c993 : 2 : ittapi_config_apply_per_lib :  ITTAPI function instrumented: __itt_pause
3904567 : 0x2baed2a632d833 : 2 : ittapi_config_apply_per_lib :  ITTAPI function instrumented: __itt_resume
3904567 : 0x2baed2a6340e6d : 2 : ittapi_config_apply_per_lib :  ITTAPI function not implemented: __itt_pause_scoped
3904567 : 0x2baed2a6341e2f : 2 : ittapi_config_apply_per_lib :  ITTAPI function not implemented: __itt_resume_scoped
3904567 : 0x2baed2a63429af : 2 : ittapi_config_apply_per_lib :  ITTAPI function instrumented: __itt_thread_set_name
3904567 : 0x2baed2a634348d : 2 : ittapi_config_apply_per_lib :  ITTAPI function instrumented: __itt_thread_ignore
3904567 : 0x2baed2a6343fa5 : 2 : ittapi_config_apply_per_lib :  ITTAPI function instrumented: __itt_thr_name_set
3904567 : 0x2baed2a6344bd3 : 2 : ittapi_config_apply_per_lib :  ITTAPI function instrumented: __itt_thr_ignore
3904567 : 0x2baed2a63455eb : 2 : ittapi_config_apply_per_lib :  ITTAPI function instrumented: __itt_histogram_create
3904567 : 0x2baed2a6345eb9 : 2 : ittapi_config_apply_per_lib :  ITTAPI function instrumented: __itt_counter_create_v3
3904567 : 0x2baed2a63469b1 : 2 : ittapi_config_apply_per_lib :  ITTAPI function instrumented: __itt_bind_context_metadata_to_counter
3904567 : 0x2baed2a6347765 : 2 : ittapi_config_apply_per_lib :  ITTAPI function not implemented: __itt_enable_attach
3904567 : 0x2baed2a634b5f7 : 2 : ittapi_config_apply_per_lib :  ITTAPI function instrumented: __itt_detach
3904567 : 0x2baed2a634bbcb : 2 : ittapi_config_apply_per_lib :  ITTAPI function NOT instrumented (not matched by --itt-config option): __itt_sync_create

3904567 : 0x2baed2a634c251 : 2 : ittapi_config_apply_per_lib :  ITTAPI function NOT instrumented (not matched by --itt-config option): __itt_sync_rename

3904567 : 0x2baed2a634c711 : 2 : ittapi_config_apply_per_lib :  ITTAPI function NOT instrumented (not matched by --itt-config option): __itt_sync_destroy

3904567 : 0x2baed2a634cbe3 : 2 : ittapi_config_apply_per_lib :  ITTAPI function NOT instrumented (not matched by --itt-config option): __itt_sync_prepare

3904567 : 0x2baed2a634d02b : 2 : ittapi_config_apply_per_lib :  ITTAPI function NOT instrumented (not matched by --itt-config option): __itt_sync_cancel

3904567 : 0x2baed2a634d4c3 : 2 : ittapi_config_apply_per_lib :  ITTAPI function NOT instrumented (not matched by --itt-config option): __itt_sync_acquired

3904567 : 0x2baed2a634da0f : 2 : ittapi_config_apply_per_lib :  ITTAPI function NOT instrumented (not matched by --itt-config option): __itt_sync_releasing

3904567 : 0x2baed2a634e59d : 2 : ittapi_config_apply_per_lib :  ITTAPI function not implemented: __itt_suppress_push
3904567 : 0x2baed2a634f3e1 : 2 : ittapi_config_apply_per_lib :  ITTAPI function not implemented: __itt_suppress_pop
3904567 : 0x2baed2a6352869 : 2 : ittapi_config_apply_per_lib :  ITTAPI function not implemented: __itt_suppress_mark_range
3904567 : 0x2baed2a6353679 : 2 : ittapi_config_apply_per_lib :  ITTAPI function not implemented: __itt_suppress_clear_range
3904567 : 0x2baed2a6353b73 : 2 : ittapi_config_apply_per_lib :  ITTAPI function NOT instrumented (not matched by --itt-config option): __itt_sync_prepare

3904567 : 0x2baed2a6354051 : 2 : ittapi_config_apply_per_lib :  ITTAPI function NOT instrumented (not matched by --itt-config option): __itt_sync_cancel

3904567 : 0x2baed2a63544cd : 2 : ittapi_config_apply_per_lib :  ITTAPI function NOT instrumented (not matched by --itt-config option): __itt_sync_acquired

3904567 : 0x2baed2a6354947 : 2 : ittapi_config_apply_per_lib :  ITTAPI function NOT instrumented (not matched by --itt-config option): __itt_sync_releasing

3904567 : 0x2baed2a6354f1d : 2 : ittapi_config_apply_per_lib :  ITTAPI function NOT instrumented (not matched by --itt-config option): __itt_model_site_begin

3904567 : 0x2baed2a63554d9 : 2 : ittapi_config_apply_per_lib :  ITTAPI function NOT instrumented (not matched by --itt-config option): __itt_model_site_end

3904567 : 0x2baed2a6355913 : 2 : ittapi_config_apply_per_lib :  ITTAPI function NOT instrumented (not matched by --itt-config option): __itt_model_task_begin

3904567 : 0x2baed2a635663b : 2 : ittapi_config_apply_per_lib :  ITTAPI function NOT instrumented (not matched by --itt-config option): __itt_model_task_end

3904567 : 0x2baed2a635b053 : 2 : ittapi_config_apply_per_lib :  ITTAPI function NOT instrumented (not matched by --itt-config option): __itt_model_lock_acquire

3904567 : 0x2baed2a635b579 : 2 : ittapi_config_apply_per_lib :  ITTAPI function NOT instrumented (not matched by --itt-config option): __itt_model_lock_release

3904567 : 0x2baed2a635b9a3 : 2 : ittapi_config_apply_per_lib :  ITTAPI function NOT instrumented (not matched by --itt-config option): __itt_model_record_allocation

3904567 : 0x2baed2a635bee1 : 2 : ittapi_config_apply_per_lib :  ITTAPI function NOT instrumented (not matched by --itt-config option): __itt_model_record_deallocation

3904567 : 0x2baed2a635c2e3 : 2 : ittapi_config_apply_per_lib :  ITTAPI function NOT instrumented (not matched by --itt-config option): __itt_model_induction_uses

3904567 : 0x2baed2a635c6b7 : 2 : ittapi_config_apply_per_lib :  ITTAPI function NOT instrumented (not matched by --itt-config option): __itt_model_reduction_uses

3904567 : 0x2baed2a635ca8f : 2 : ittapi_config_apply_per_lib :  ITTAPI function NOT instrumented (not matched by --itt-config option): __itt_model_observe_uses

3904567 : 0x2baed2a635ce69 : 2 : ittapi_config_apply_per_lib :  ITTAPI function NOT instrumented (not matched by --itt-config option): __itt_model_clear_uses

3904567 : 0x2baed2a635d237 : 2 : ittapi_config_apply_per_lib :  ITTAPI function NOT instrumented (not matched by --itt-config option): __itt_model_site_beginA

3904567 : 0x2baed2a635d607 : 2 : ittapi_config_apply_per_lib :  ITTAPI function NOT instrumented (not matched by --itt-config option): __itt_model_site_beginAL

3904567 : 0x2baed2a63601c9 : 2 : ittapi_config_apply_per_lib :  ITTAPI function NOT instrumented (not matched by --itt-config option): __itt_model_task_beginA

3904567 : 0x2baed2a636067b : 2 : ittapi_config_apply_per_lib :  ITTAPI function NOT instrumented (not matched by --itt-config option): __itt_model_task_beginAL

3904567 : 0x2baed2a6360af7 : 2 : ittapi_config_apply_per_lib :  ITTAPI function NOT instrumented (not matched by --itt-config option): __itt_model_iteration_taskA

3904567 : 0x2baed2a6360edd : 2 : ittapi_config_apply_per_lib :  ITTAPI function NOT instrumented (not matched by --itt-config option): __itt_model_iteration_taskAL

3904567 : 0x2baed2a63612c1 : 2 : ittapi_config_apply_per_lib :  ITTAPI function NOT instrumented (not matched by --itt-config option): __itt_model_site_end_2

3904567 : 0x2baed2a636188d : 2 : ittapi_config_apply_per_lib :  ITTAPI function NOT instrumented (not matched by --itt-config option): __itt_model_task_end_2

3904567 : 0x2baed2a6361c5d : 2 : ittapi_config_apply_per_lib :  ITTAPI function NOT instrumented (not matched by --itt-config option): __itt_model_lock_acquire_2

3904567 : 0x2baed2a6362025 : 2 : ittapi_config_apply_per_lib :  ITTAPI function NOT instrumented (not matched by --itt-config option): __itt_model_lock_release_2

3904567 : 0x2baed2a63624b5 : 2 : ittapi_config_apply_per_lib :  ITTAPI function NOT instrumented (not matched by --itt-config option): __itt_model_aggregate_task

3904567 : 0x2baed2a6362b05 : 2 : ittapi_config_apply_per_lib :  ITTAPI function NOT instrumented (not matched by --itt-config option): __itt_model_disable_push

3904567 : 0x2baed2a6366dbb : 2 : ittapi_config_apply_per_lib :  ITTAPI function NOT instrumented (not matched by --itt-config option): __itt_model_disable_pop

3904567 : 0x2baed2a63681b7 : 2 : ittapi_config_apply_per_lib :  ITTAPI function instrumented: __itt_heap_function_create
3904567 : 0x2baed2a6368f3d : 2 : ittapi_config_apply_per_lib :  ITTAPI function instrumented: __itt_heap_allocate_begin
3904567 : 0x2baed2a6369b4d : 2 : ittapi_config_apply_per_lib :  ITTAPI function instrumented: __itt_heap_allocate_end
3904567 : 0x2baed2a636a549 : 2 : ittapi_config_apply_per_lib :  ITTAPI function instrumented: __itt_heap_free_begin
3904567 : 0x2baed2a636aef7 : 2 : ittapi_config_apply_per_lib :  ITTAPI function instrumented: __itt_heap_free_end
3904567 : 0x2baed2a636b8a3 : 2 : ittapi_config_apply_per_lib :  ITTAPI function instrumented: __itt_heap_reallocate_begin
3904567 : 0x2baed2a636c295 : 2 : ittapi_config_apply_per_lib :  ITTAPI function instrumented: __itt_heap_reallocate_end
3904567 : 0x2baed2a636cdaf : 2 : ittapi_config_apply_per_lib :  ITTAPI function not implemented: __itt_heap_internal_access_begin
3904567 : 0x2baed2a636da35 : 2 : ittapi_config_apply_per_lib :  ITTAPI function not implemented: __itt_heap_internal_access_end
3904567 : 0x2baed2a6370e19 : 2 : ittapi_config_apply_per_lib :  ITTAPI function not implemented: __itt_heap_record_memory_growth_begin
3904567 : 0x2baed2a6371a4d : 2 : ittapi_config_apply_per_lib :  ITTAPI function not implemented: __itt_heap_record_memory_growth_end
3904567 : 0x2baed2a637254f : 2 : ittapi_config_apply_per_lib :  ITTAPI function not implemented: __itt_heap_reset_detection
3904567 : 0x2baed2a6373393 : 2 : ittapi_config_apply_per_lib :  ITTAPI function not implemented: __itt_heap_record
3904567 : 0x2baed2a6373f01 : 2 : ittapi_config_apply_per_lib :  ITTAPI function not implemented: __itt_id_create
3904567 : 0x2baed2a6374c21 : 2 : ittapi_config_apply_per_lib :  ITTAPI function not implemented: __itt_id_destroy
3904567 : 0x2baed2a63756d7 : 2 : ittapi_config_apply_per_lib :  ITTAPI function instrumented: __itt_get_timestamp
3904567 : 0x2baed2a6376203 : 2 : ittapi_config_apply_per_lib :  ITTAPI function not implemented: __itt_region_begin
3904567 : 0x2baed2a6376e57 : 2 : ittapi_config_apply_per_lib :  ITTAPI function not implemented: __itt_region_end
3904567 : 0x2baed2a63778f7 : 2 : ittapi_config_apply_per_lib :  ITTAPI function instrumented: __itt_frame_begin_v3
3904567 : 0x2baed2a637a87f : 2 : ittapi_config_apply_per_lib :  ITTAPI function instrumented: __itt_frame_end_v3
3904567 : 0x2baed2a637b53b : 2 : ittapi_config_apply_per_lib :  ITTAPI function instrumented: __itt_frame_submit_v3
3904567 : 0x2baed2a637c03d : 2 : ittapi_config_apply_per_lib :  ITTAPI function not implemented: __itt_task_group
3904567 : 0x2baed2a637ca71 : 2 : ittapi_config_apply_per_lib :  ITTAPI function instrumented: __itt_task_begin
3904567 : 0x2baed2a637d59d : 2 : ittapi_config_apply_per_lib :  ITTAPI function instrumented: __itt_task_begin_fn
3904567 : 0x2baed2a637e0f3 : 2 : ittapi_config_apply_per_lib :  ITTAPI function instrumented: __itt_task_end
3904567 : 0x2baed2a637ec9d : 2 : ittapi_config_apply_per_lib :  ITTAPI function not implemented: __itt_counter_inc_v3
3904567 : 0x2baed2a637f775 : 2 : ittapi_config_apply_per_lib :  ITTAPI function not implemented: __itt_counter_inc_delta_v3
3904567 : 0x2baed2a6380427 : 2 : ittapi_config_apply_per_lib :  ITTAPI function not implemented: __itt_counter_dec_v3
3904567 : 0x2baed2a638112b : 2 : ittapi_config_apply_per_lib :  ITTAPI function not implemented: __itt_counter_dec_delta_v3
3904567 : 0x2baed2a6384313 : 2 : ittapi_config_apply_per_lib :  ITTAPI function not implemented: __itt_marker
3904567 : 0x2baed2a6384e0d : 2 : ittapi_config_apply_per_lib :  ITTAPI function instrumented: __itt_metadata_add
3904567 : 0x2baed2a63859bd : 2 : ittapi_config_apply_per_lib :  ITTAPI function not implemented: __itt_metadata_str_add
3904567 : 0x2baed2a6386351 : 2 : ittapi_config_apply_per_lib :  ITTAPI function not implemented: __itt_relation_add_to_current
3904567 : 0x2baed2a6386ce9 : 2 : ittapi_config_apply_per_lib :  ITTAPI function not implemented: __itt_relation_add
3904567 : 0x2baed2a6387601 : 2 : ittapi_config_apply_per_lib :  ITTAPI function instrumented: __itt_event_create
3904567 : 0x2baed2a6387f9d : 2 : ittapi_config_apply_per_lib :  ITTAPI function instrumented: __itt_event_start
3904567 : 0x2baed2a6388819 : 2 : ittapi_config_apply_per_lib :  ITTAPI function instrumented: __itt_event_end
3904567 : 0x2baed2a6388cf1 : 2 : ittapi_config_apply_per_lib :  ITTAPI function NOT instrumented (not matched by --itt-config option): __itt_sync_set_name

3904567 : 0x2baed2a6389281 : 2 : ittapi_config_apply_per_lib :  ITTAPI function NOT instrumented (not matched by --itt-config option): __itt_notify_sync_name

3904567 : 0x2baed2a638c801 : 2 : ittapi_config_apply_per_lib :  ITTAPI function NOT instrumented (not matched by --itt-config option): __itt_notify_sync_prepare

3904567 : 0x2baed2a638cca9 : 2 : ittapi_config_apply_per_lib :  ITTAPI function NOT instrumented (not matched by --itt-config option): __itt_notify_sync_cancel

3904567 : 0x2baed2a638d0f5 : 2 : ittapi_config_apply_per_lib :  ITTAPI function NOT instrumented (not matched by --itt-config option): __itt_notify_sync_acquired

3904567 : 0x2baed2a638d4d7 : 2 : ittapi_config_apply_per_lib :  ITTAPI function NOT instrumented (not matched by --itt-config option): __itt_notify_sync_releasing

3904567 : 0x2baed2a638e0b5 : 2 : ittapi_config_apply_per_lib :  ITTAPI function not implemented: __itt_memory_read
3904567 : 0x2baed2a638eb3f : 2 : ittapi_config_apply_per_lib :  ITTAPI function not implemented: __itt_memory_write
3904567 : 0x2baed2a638f655 : 2 : ittapi_config_apply_per_lib :  ITTAPI function not implemented: __itt_memory_update
3904567 : 0x2baed2a6390021 : 2 : ittapi_config_apply_per_lib :  ITTAPI function not implemented: __itt_state_get
3904567 : 0x2baed2a639096f : 2 : ittapi_config_apply_per_lib :  ITTAPI function not implemented: __itt_state_set
3904567 : 0x2baed2a639140b : 2 : ittapi_config_apply_per_lib :  ITTAPI function not implemented: __itt_obj_mode_set
3904567 : 0x2baed2a63956c9 : 2 : ittapi_config_apply_per_lib :  ITTAPI function not implemented: __itt_thr_mode_set
3904567 : 0x2baed2a6396a53 : 2 : ittapi_config_apply_per_lib :  ITTAPI function instrumented: __itt_frame_create
3904567 : 0x2baed2a639766b : 2 : ittapi_config_apply_per_lib :  ITTAPI function instrumented: __itt_pt_region_create
3904567 : 0x2baed2a63982f7 : 2 : ittapi_config_apply_per_lib :  ITTAPI function instrumented: __itt_frame_begin
3904567 : 0x2baed2a6398d9d : 2 : ittapi_config_apply_per_lib :  ITTAPI function instrumented: __itt_frame_end
3904567 : 0x2baed2a639987d : 2 : ittapi_config_apply_per_lib :  ITTAPI function not implemented: __itt_counter_destroy
3904567 : 0x2baed2a639a28b : 2 : ittapi_config_apply_per_lib :  ITTAPI function instrumented: __itt_counter_inc
3904567 : 0x2baed2a639ac2f : 2 : ittapi_config_apply_per_lib :  ITTAPI function instrumented: __itt_counter_inc_delta
3904567 : 0x2baed2a639b56d : 2 : ittapi_config_apply_per_lib :  ITTAPI function instrumented: __itt_counter_dec
3904567 : 0x2baed2a639bfcf : 2 : ittapi_config_apply_per_lib :  ITTAPI function instrumented: __itt_counter_dec_delta
3904567 : 0x2baed2a639f461 : 2 : ittapi_config_apply_per_lib :  ITTAPI function instrumented: __itt_counter_set_value
3904567 : 0x2baed2a63a01af : 2 : ittapi_config_apply_per_lib :  ITTAPI function not implemented: __itt_counter_set_value_ex
3904567 : 0x2baed2a63a0d69 : 2 : ittapi_config_apply_per_lib :  ITTAPI function not implemented: __itt_mark_create
3904567 : 0x2baed2a63a1c3b : 2 : ittapi_config_apply_per_lib :  ITTAPI function not implemented: __itt_mark
3904567 : 0x2baed2a63a295b : 2 : ittapi_config_apply_per_lib :  ITTAPI function not implemented: __itt_mark_off
3904567 : 0x2baed2a63a364d : 2 : ittapi_config_apply_per_lib :  ITTAPI function not implemented: __itt_mark_global
3904567 : 0x2baed2a63a4307 : 2 : ittapi_config_apply_per_lib :  ITTAPI function not implemented: __itt_mark_global_off
3904567 : 0x2baed2a63a4f05 : 2 : ittapi_config_apply_per_lib :  ITTAPI function instrumented: __itt_stack_caller_create
3904567 : 0x2baed2a63a5c43 : 2 : ittapi_config_apply_per_lib :  ITTAPI function instrumented: __itt_stack_caller_destroy
3904567 : 0x2baed2a63a68eb : 2 : ittapi_config_apply_per_lib :  ITTAPI function instrumented: __itt_stack_callee_enter
3904567 : 0x2baed2a63ab26b : 2 : ittapi_config_apply_per_lib :  ITTAPI function instrumented: __itt_stack_callee_leave
3904567 : 0x2baed2a63abee3 : 2 : ittapi_config_apply_per_lib :  ITTAPI function not implemented: __itt_clock_domain_create
3904567 : 0x2baed2a63accd9 : 2 : ittapi_config_apply_per_lib :  ITTAPI function not implemented: __itt_clock_domain_reset
3904567 : 0x2baed2a63ada81 : 2 : ittapi_config_apply_per_lib :  ITTAPI function not implemented: __itt_id_create_ex
3904567 : 0x2baed2a63ae86f : 2 : ittapi_config_apply_per_lib :  ITTAPI function not implemented: __itt_id_destroy_ex
3904567 : 0x2baed2a63af649 : 2 : ittapi_config_apply_per_lib :  ITTAPI function not implemented: __itt_task_begin_ex
3904567 : 0x2baed2a63b01e5 : 2 : ittapi_config_apply_per_lib :  ITTAPI function not implemented: __itt_task_begin_fn_ex
3904567 : 0x2baed2a63b0b49 : 2 : ittapi_config_apply_per_lib :  ITTAPI function not implemented: __itt_task_end_ex
3904567 : 0x2baed2a63b14e9 : 2 : ittapi_config_apply_per_lib :  ITTAPI function instrumented: __itt_task_begin_overlapped
3904567 : 0x2baed2a63b20c7 : 2 : ittapi_config_apply_per_lib :  ITTAPI function not implemented: __itt_task_begin_overlapped_ex
3904567 : 0x2baed2a63b527f : 2 : ittapi_config_apply_per_lib :  ITTAPI function instrumented: __itt_task_end_overlapped
3904567 : 0x2baed2a63b5eed : 2 : ittapi_config_apply_per_lib :  ITTAPI function not implemented: __itt_task_end_overlapped_ex
3904567 : 0x2baed2a63b6a09 : 2 : ittapi_config_apply_per_lib :  ITTAPI function not implemented: __itt_marker_ex
3904567 : 0x2baed2a63b788b : 2 : ittapi_config_apply_per_lib :  ITTAPI function not implemented: __itt_metadata_add_with_scope
3904567 : 0x2baed2a63b83bf : 2 : ittapi_config_apply_per_lib :  ITTAPI function not implemented: __itt_metadata_str_add_with_scope
3904567 : 0x2baed2a63b8e8f : 2 : ittapi_config_apply_per_lib :  ITTAPI function not implemented: __itt_relation_add_to_current_ex
3904567 : 0x2baed2a63b9b11 : 2 : ittapi_config_apply_per_lib :  ITTAPI function not implemented: __itt_relation_add_ex
3904567 : 0x2baed2a63ba58f : 2 : ittapi_config_apply_per_lib :  ITTAPI function not implemented: __itt_track_group_create
3904567 : 0x2baed2a63bb7c5 : 2 : ittapi_config_apply_per_lib :  ITTAPI function not implemented: __itt_track_create
3904567 : 0x2baed2a63bc1ad : 2 : ittapi_config_apply_per_lib :  ITTAPI function not implemented: __itt_set_track
3904567 : 0x2baed2a63c053d : 2 : ittapi_config_apply_per_lib :  ITTAPI function instrumented: __itt_api_version
3904567 : 0x2baed2a63c0feb : 2 : ittapi_config_apply_per_lib :  ITTAPI function not implemented: __itt_av_save
3904567 : 0x2baed2a63c1d6b : 2 : ittapi_config_apply_per_lib :  ITTAPI function instrumented: __itt_module_load
3904567 : 0x2baed2a63c29ad : 2 : ittapi_config_apply_per_lib :  ITTAPI function not implemented: __itt_module_unload
3904567 : 0x2baed2a63c2e43 : 2 : ittapi_config_apply_per_lib :  ITTAPI function NOT instrumented (not matched by --itt-config option): __itt_histogram_submit

3904567 : 0x2baed2a63c381f : 2 : ittapi_config_apply_per_lib :  ITTAPI function instrumented: __itt_counter_set_value_v3