0 [137636203476800] INFO perfrun.launcher <> - Launcher main begin
1 [137636203476800] INFO perfrun.launcher <> - MessageCatalogInit finished
1 [137636203476800] INFO perfrun.launcher <> - Launcher instance created
1 [137636203476800] INFO perfrun.launcher <> - argc = 7; cmdline = /opt/intel/oneapi/vtune/2025.0/bin64/amplxe-runss --ui-output-format xml --ui-output-fd 5 --option-file /home/junyao/code/cc-HNSW/mutex/config/runss.options 
37 [137636203476800] INFO perfrun.perfcollector <> - SEP tool path: /opt/intel/oneapi/vtune/2025.0/bin64/sep
42 [137636203476800] INFO perfrun.launcher <> - create msngr2::ICliToolContext
42 [137636203476800] INFO perfrun.launcher <> - create file finder object
42 [137636203476800] INFO perfrun.launcher <> - create a result directory: pattern = /home/junyao/code/cc-HNSW/mutex pid = 4294967295
43 [137636203476800] INFO perfrun.sdk <> - checked that the directory /home/junyao/code/cc-HNSW/mutex is a local directory
43 [137636203476800] INFO perfrun.sdk <> - the directory /home/junyao/code/cc-HNSW/mutex is a local directory with FS type ID 2035054128
44 [137636203476800] INFO perfrun.launcher <> - create data directory = /home/junyao/code/cc-HNSW/mutex/data.0
44 [137636203476800] INFO perfrun.launcher <> - Creating the master collection flag
44 [137636203476800] INFO perfrun.launcher <> - Done creating the master collection flag
48 [137635989292608] INFO perfrun.launcher <> - plugin [remoteplug] was disabled because it doesn't support the given collection type.
48 [137635989292608] INFO perfrun.sdk <> - Allocating TMU :/home/junyao/code/cc-HNSW/mutex/data.0/systemcollector-3900391-ntu.sc
48 [137635989292608] INFO perfrun.system <> - Tpss based collection
49 [137635989292608] INFO perfrun.launcher <> - plugin [ptracecollector] was disabled because it doesn't support the given collection type.
49 [137635989292608] INFO perfrun.launcher <> - plugin [gpu] was disabled because it doesn't support the given collection type.
49 [137635989292608] INFO perfrun.launcher <> - plugin [] was disabled because it doesn't support the given collection type.
49 [137635989292608] INFO perfrun.launcher <> - plugin [] was disabled because it doesn't support the given collection type.
49 [137635989292608] INFO perfrun.launcher <> - plugin [] was disabled because it doesn't support the given collection type.
49 [137635989292608] INFO perfrun.mrte <> - system-wide mode is 0
49 [137635989292608] INFO perfrun.mrte <> - Getting  mrte profiling environment ...
55 [137635989292608] INFO perfrun.mrte <> - INTEL_MRTE_DATA_DIR=/home/junyao/code/cc-HNSW/mutex/data.0
55 [137635989292608] INFO perfrun.mrte <> - INTEL_MRTE_HOST_NAME=ntu
55 [137635989292608] INFO perfrun.mrte <> - JAVA_TOOL_OPTIONS=-agentlib:amplxe_samplingmrte_javaprof_1.0 -Dsun.boot.library.path=/opt/intel/oneapi/vtune/2025.0/lib32/runtime:/opt/intel/oneapi/vtune/2025.0/lib64/runtime
55 [137635989292608] INFO perfrun.mrte <> - LD_LIBRARY_PATH=/opt/intel/oneapi/vtune/2025.0/lib32/runtime:/opt/intel/oneapi/vtune/2025.0/lib64/runtime:/usr/local/cuda-12.6/lib64:/usr/local/cuda-12.6/lib64:
55 [137635989292608] INFO perfrun.mrte <> - CORECLR_ENABLE_PROFILING=1
55 [137635989292608] INFO perfrun.mrte <> - CORECLR_PROFILER={AA5E4821-E3B1-479c-B7FF-5AD047D22CED}
55 [137635989292608] INFO perfrun.mrte <> - CORECLR_PROFILER_PATH=/opt/intel/oneapi/vtune/2025.0/lib64/libamplxe_samplingmrte_clrprof_1.0.so
55 [137635989292608] INFO perfrun.mrte <> - INTEL_MRTE_PROFILER_MODE=mixed
55 [137635989292608] INFO perfrun.mrte <> - Data directory: /home/junyao/code/cc-HNSW/mutex/data.0
55 [137635989292608] INFO perfrun.mrte <> - Mrte plugin is initialized
55 [137635989292608] INFO perfrun.launcher <> - plugin [emon] was disabled because it doesn't support the given collection type.
55 [137635989292608] INFO perfrun.launcher <> - plugin [cuscol] was disabled because it doesn't support the given collection type.
55 [137635989292608] INFO perfrun.launcher <> - plugin [stdsrc] was disabled because it doesn't support the given collection type.
55 [137635989292608] INFO perfrun.launcher <> - plugin [sep] was disabled because it doesn't support the given collection type.
55 [137635989292608] INFO perfrun.launcher <> - plugin [vtsspp] was disabled because it doesn't support the given collection type.
55 [137635989292608] INFO perfrun.launcher <> - plugin [perf] was disabled because it doesn't support the given collection type.
55 [137635989292608] INFO perfrun.launcher <> - plugin [aoclprofile] was disabled because it doesn't support the given collection type.
55 [137635989292608] INFO perfrun.tpss <> - initialize tpss controller
55 [137635989292608] INFO perfrun.tpss <> - configure collection mode: value = cpu:counters:nostack
56 [137635989292608] INFO perfrun.tpss <> - configure collection mode: value = cpu:stack
56 [137635989292608] INFO perfrun.tpss <> - configure collection mode: value = threading:stack
56 [137635989292608] INFO perfrun.tpss <> - configure collection mode: value = waiting:stack
56 [137635989292608] INFO perfrun.tpss <> - configure collection mode: value = io:stack
56 [137635989292608] INFO perfrun.tpss <> - default obj-size-min=1024
56 [137635989292608] INFO perfrun.tpss <> - default hash-table-size=0
56 [137635989292608] INFO perfrun.launcher <> - plugin [media] was disabled because it doesn't support the given collection type.
56 [137635989292608] INFO perfrun.launcher <> - plugin [] was disabled because it doesn't support the given collection type.
56 [137635989292608] INFO perfrun.launcher <> - plugin [] was disabled because it doesn't support the given collection type.
56 [137635989292608] INFO perfrun.launcher <> - plugin [parallelfs] was disabled because it doesn't support the given collection type.
56 [137635989292608] INFO perfrun.launcher <> - plugin [power] was disabled because it doesn't support the given collection type.
56 [137635989292608] INFO perfrun.launcher <> - plugin [] was disabled because it doesn't support the given collection type.
56 [137635989292608] INFO perfrun.launcher <> - plugin [ipmwatch] was disabled because it doesn't support the given collection type.
56 [137635989292608] INFO perfrun.launcher <> - plugin [os_counters] was disabled because it doesn't support the given collection type.
56 [137635989292608] INFO perfrun.launcher <> - plugin [l0_metrics] was disabled because it doesn't support the given collection type.
56 [137636203476800] INFO perfrun.launcher <> - set environment variable: LD_LIBRARY_PATH = /opt/intel/oneapi/vtune/2025.0/lib32/runtime:/opt/intel/oneapi/vtune/2025.0/lib64/runtime:/usr/local/cuda-12.6/lib64:/usr/local/cuda-12.6/lib64:
56 [137636203476800] INFO perfrun.launcher <> - set environment variable: INTEL_LIBITTNOTIFY32 = /opt/intel/oneapi/vtune/2025.0/lib32/runtime/libittnotify_collector.so
56 [137636203476800] INFO perfrun.launcher <> - set environment variable: INTEL_LIBITTNOTIFY64 = /opt/intel/oneapi/vtune/2025.0/lib64/runtime/libittnotify_collector.so
56 [137636203476800] INFO perfrun.launcher <> - set environment variable: INTEL_ITTNOTIFY_GROUPS = 
56 [137636203476800] INFO perfrun.launcher <> - set environment variable: INTEL_JIT_PROFILER32 = /opt/intel/oneapi/vtune/2025.0/lib32/runtime/libittnotify_collector.so
56 [137636203476800] INFO perfrun.launcher <> - set environment variable: INTEL_JIT_PROFILER64 = /opt/intel/oneapi/vtune/2025.0/lib64/runtime/libittnotify_collector.so
56 [137636203476800] INFO perfrun.launcher <> - set environment variable: OMP_TOOL_LIBRARIES = /opt/intel/oneapi/vtune/2025.0/lib32/runtime/libittnotify_collector.so:/opt/intel/oneapi/vtune/2025.0/lib64/runtime/libittnotify_collector.so
56 [137636203476800] INFO perfrun.launcher <> - set environment variable: CCL_ITT_LEVEL = 1
56 [137636203476800] INFO perfrun.launcher <> - set environment variable: ENABLE_JITPROFILING = 1
56 [137636203476800] INFO perfrun.launcher <> - set environment variable: CL_CONFIG_USE_VTUNE = True
56 [137636203476800] INFO perfrun.launcher <> - set environment variable: INTEL_MRTE_DATA_DIR = /home/junyao/code/cc-HNSW/mutex/data.0
56 [137636203476800] INFO perfrun.launcher <> - set environment variable: INTEL_MRTE_HOST_NAME = ntu
56 [137636203476800] INFO perfrun.launcher <> - set environment variable: JAVA_TOOL_OPTIONS = -agentlib:amplxe_samplingmrte_javaprof_1.0 -Dsun.boot.library.path=/opt/intel/oneapi/vtune/2025.0/lib32/runtime:/opt/intel/oneapi/vtune/2025.0/lib64/runtime
56 [137636203476800] INFO perfrun.launcher <> - set environment variable: LD_LIBRARY_PATH = /opt/intel/oneapi/vtune/2025.0/lib32/runtime:/opt/intel/oneapi/vtune/2025.0/lib64/runtime:/usr/local/cuda-12.6/lib64:/usr/local/cuda-12.6/lib64:
56 [137636203476800] INFO perfrun.launcher <> - set environment variable: CORECLR_ENABLE_PROFILING = 1
57 [137636203476800] INFO perfrun.launcher <> - set environment variable: CORECLR_PROFILER = {AA5E4821-E3B1-479c-B7FF-5AD047D22CED}
57 [137636203476800] INFO perfrun.launcher <> - set environment variable: CORECLR_PROFILER_PATH = /opt/intel/oneapi/vtune/2025.0/lib64/libamplxe_samplingmrte_clrprof_1.0.so
57 [137636203476800] INFO perfrun.launcher <> - set environment variable: INTEL_MRTE_PROFILER_MODE = mixed
57 [137636203476800] INFO perfrun.launcher <> - RpcServer: run RPC server to handle requests
57 [137636203476800] INFO perfrun.launcher <> - Launcher: command line to start before modification = ./bench 47 100000 1 sift/sift_base.fvecs
57 [137636203476800] INFO perfrun.launcher <> - Launcher: command line to start after modification = /opt/intel/oneapi/vtune/2025.0/bin64/pin -error_file /home/junyao/code/cc-HNSW/mutex/data.0/pinerr.tpsslog -detach_reattach -follow_execv -tool_load_option deepbind -t64 /opt/intel/oneapi/vtune/2025.0/lib64/libtpsstool.so -t /opt/intel/oneapi/vtune/2025.0/lib32/libtpsstool.so -server_name tpss_ipc.3900391 -prd_dir /opt/intel/oneapi/vtune/2025.0 -- ./bench 47 100000 1 sift/sift_base.fvecs
57 [137636203476800] INFO perfrun.launcher <> - ProcessCreator object was created
58 [137636203476800] INFO perfrun.launcher <> - Launcher: the process was started in suspend mode
62 [137635989292608] WARN perfrun.system <> - Could not do anything with /sys/kernel/debug/kvm: boost::filesystem::status: Permission denied [system:13]: "/sys/kernel/debug/kvm", at file: vcs/perfrun1/plugins/system/src/trace_writer.cpp:787
62 [137635989292608] WARN perfrun.system <> - Folder "/var/run/libvirt/qemu/"doesn't exist, at file: vcs/perfrun1/plugins/system/src/trace_writer.cpp:800
65 [137635989292608] INFO perfrun.sdk <> - runCmd: /opt/intel/oneapi/vtune/2025.0/bin64/sep -platform-info
66 [137635989292608] INFO perfrun.sdk <> - runCmd started PID 3900397
72 [137635989292608] WARN perfrun.sdk <> - SEP driver is not available, at file: vcs/perfrun1/plugins/pluginsdk/src/device_mapper.cpp:1083
72 [137635989292608] INFO perfrun.sdk <> - runCmd: /opt/intel/oneapi/vtune/2025.0/bin64/amplxe-perf stat --iostat=list
73 [137635989292608] INFO perfrun.sdk <> - runCmd started PID 3900398
74 [137635989292608] WARN perfrun.sdk <> - Device mapping through perf is not available on current kernel, at file: vcs/perfrun1/plugins/pluginsdk/src/device_mapper.cpp:1314
76 [137635989292608] INFO perfrun.sdk <> - runCmd: /opt/intel/oneapi/vtune/2025.0/bin64/sep -platform-info
77 [137635989292608] INFO perfrun.sdk <> - runCmd started PID 3900399
83 [137635989292608] WARN perfrun.sdk <> - SEP driver is not available, at file: vcs/perfrun1/plugins/pluginsdk/src/device_mapper.cpp:1083
83 [137635989292608] INFO perfrun.sdk <> - runCmd: /opt/intel/oneapi/vtune/2025.0/bin64/sep -platform-info
84 [137635989292608] INFO perfrun.sdk <> - runCmd started PID 3900400
90 [137635989292608] WARN perfrun.sdk <> - SEP driver is not available, at file: vcs/perfrun1/plugins/pluginsdk/src/device_mapper.cpp:1083
90 [137635989292608] INFO perfrun.sdk <> - runCmd: /opt/intel/oneapi/vtune/2025.0/bin64/amplxe-perf stat --iostat=list
91 [137635989292608] INFO perfrun.sdk <> - runCmd started PID 3900401
94 [137635989292608] WARN perfrun.sdk <> - Device mapping through perf is not available on current kernel, at file: vcs/perfrun1/plugins/pluginsdk/src/device_mapper.cpp:1314
94 [137635989292608] WARN perfrun.sdk <> - Failed to find xl binary on any of the system paths: /bin, /sbin, /usr/bin, /usr/sbin., at file: vcs/perfrun1/sdk/src/utils.cpp:205
94 [137635989292608] WARN perfrun.system <> - Could not start ContainerMapping collector, at file: vcs/perfrun1/plugins/system/src/controller.cpp:450
146 [137635989292608] INFO perfrun.vdso <> - Helper runtool '/opt/intel/oneapi/vtune/2025.0/bin32/amplxe-runss -dump-vdso -r /home/junyao/code/cc-HNSW/mutex --tmp-dir /tmp/amplxe-tmp-junyao' returned 0
210 [137635989292608] INFO perfrun.vdso <> - Helper runtool '/opt/intel/oneapi/vtune/2025.0/bin64/amplxe-runss -dump-vdso -r /home/junyao/code/cc-HNSW/mutex --tmp-dir /tmp/amplxe-tmp-junyao' returned 0
210 [137635989292608] INFO perfrun.itt <> - start itt controller for pid #3900396
210 [137635989292608] INFO perfrun.tpss <> - start tpss controller for pid #3900396
261 [137636203476800] INFO perfrun.launcher <> - Launcher: all plugins were started
261 [137636203476800] INFO perfrun.launcher <> - DirectoryMonitor object was created
261 [137636203476800] INFO perfrun.launcher <> - DirectoryMonitor: a callback was added
261 [137636203476800] INFO perfrun.launcher <> - DirectoryMonitor was started with pingTime = 1000
261 [137636203476800] INFO perfrun.launcher <> - DeadlineTimer is going to be constructed
261 [137636203476800] INFO perfrun.launcher <> - DeadlineTimer: a callback was added
263 [137636203476800] INFO perfrun.launcher <> - Launcher: resume the profiled application and  wait its termination or stop command
8740 [137636203476800] INFO perfrun.launcher <> - Launcher: the profiled application was terminated  with exit code = 0
8749 [137635989292608] INFO perfrun.itt <> - detach itt controller
8750 [137635989292608] INFO perfrun.itt <> - detach itt controller done
8750 [137635989292608] INFO perfrun.tpss <> - stop tpss controller
8750 [137635989292608] INFO perfrun.sdk <> - De-allocating TMU: /home/junyao/code/cc-HNSW/mutex/data.0/systemcollector-3900391-ntu.sc
8750 [137635989292608] INFO perfrun.system <> - closed the system trace file: /home/junyao/code/cc-HNSW/mutex/data.0/systemcollector-3900391-ntu.sc
8750 [137636203476800] INFO perfrun.launcher <> - Launcher: all plugins were stopped.
8750 [137636203476800] INFO perfrun.launcher <> - DeadlineTimer is going to be destroyed
8750 [137636203476800] INFO perfrun.launcher <> - DeadlineTimer was destroyed
8750 [137636203476800] INFO perfrun.launcher <> - DirectoryMonitor object was destroyed
8750 [137636203476800] WARN perfrun.launcher <> - Stop command is ignored because it is received when collection is already stopped, at file: vcs/perfrun1/launcher/src/command_handler.cpp:226
8752 [137636203476800] INFO perfrun.launcher <> - Application exit code: 0
8752 [137636203476800] INFO perfrun.launcher <> - Exit code: 0
