
3901535 : 0x2bab8aa2f5ae8f : 1 : spill_jit_data :  Jit agent is not initialized
3901492 : 0x2bab8aa2f63aa5 : 2 : ittapi_config_mask_get :  --itt-config mask to be applied: 55
3901492 : 0x2bab8aa2f6af3d : 2 : ittapi_config_apply_per_lib :  ITTAPI function instrumented: __itt_domain_create
3901492 : 0x2bab8aa2f6cd4f : 2 : ittapi_config_apply_per_lib :  ITTAPI function instrumented: __itt_module_load_with_sections
3901492 : 0x2bab8aa2f6eecb : 2 : ittapi_config_apply_per_lib :  ITTAPI function not implemented: __itt_module_unload_with_sections
3901492 : 0x2bab8aa2f7031f : 2 : ittapi_config_apply_per_lib :  ITTAPI function instrumented: __itt_string_handle_create
3901492 : 0x2bab8aa2f7143b : 2 : ittapi_config_apply_per_lib :  ITTAPI function instrumented: __itt_counter_create
3901492 : 0x2bab8aa2f722d7 : 2 : ittapi_config_apply_per_lib :  ITTAPI function instrumented: __itt_counter_create_typed
3901492 : 0x2bab8aa2f731dd : 2 : ittapi_config_apply_per_lib :  ITTAPI function instrumented: __itt_pause
3901492 : 0x2bab8aa2f7431d : 2 : ittapi_config_apply_per_lib :  ITTAPI function instrumented: __itt_resume
3901492 : 0x2bab8aa2f8423b : 2 : ittapi_config_apply_per_lib :  ITTAPI function not implemented: __itt_pause_scoped
3901492 : 0x2bab8aa2f85537 : 2 : ittapi_config_apply_per_lib :  ITTAPI function not implemented: __itt_resume_scoped
3901492 : 0x2bab8aa2f864ad : 2 : ittapi_config_apply_per_lib :  ITTAPI function instrumented: __itt_thread_set_name
3901492 : 0x2bab8aa2f87e6f : 2 : ittapi_config_apply_per_lib :  ITTAPI function instrumented: __itt_thread_ignore
3901492 : 0x2bab8aa2f88c89 : 2 : ittapi_config_apply_per_lib :  ITTAPI function instrumented: __itt_thr_name_set
3901492 : 0x2bab8aa2f89b57 : 2 : ittapi_config_apply_per_lib :  ITTAPI function instrumented: __itt_thr_ignore
3901492 : 0x2bab8aa2f8a971 : 2 : ittapi_config_apply_per_lib :  ITTAPI function instrumented: __itt_histogram_create
3901492 : 0x2bab8aa2f8b63b : 2 : ittapi_config_apply_per_lib :  ITTAPI function instrumented: __itt_counter_create_v3
3901492 : 0x2bab8aa2f8c4e3 : 2 : ittapi_config_apply_per_lib :  ITTAPI function instrumented: __itt_bind_context_metadata_to_counter
3901492 : 0x2bab8aa2f8d51f : 2 : ittapi_config_apply_per_lib :  ITTAPI function not implemented: __itt_enable_attach
3901492 : 0x2bab8aa2f922f9 : 2 : ittapi_config_apply_per_lib :  ITTAPI function instrumented: __itt_detach
3901492 : 0x2bab8aa2f92aa7 : 2 : ittapi_config_apply_per_lib :  ITTAPI function NOT instrumented (not matched by --itt-config option): __itt_sync_create

3901492 : 0x2bab8aa2f932e5 : 2 : ittapi_config_apply_per_lib :  ITTAPI function NOT instrumented (not matched by --itt-config option): __itt_sync_rename

3901492 : 0x2bab8aa2f93917 : 2 : ittapi_config_apply_per_lib :  ITTAPI function NOT instrumented (not matched by --itt-config option): __itt_sync_destroy

3901492 : 0x2bab8aa2f93f8f : 2 : ittapi_config_apply_per_lib :  ITTAPI function NOT instrumented (not matched by --itt-config option): __itt_sync_prepare

3901492 : 0x2bab8aa2f9483d : 2 : ittapi_config_apply_per_lib :  ITTAPI function NOT instrumented (not matched by --itt-config option): __itt_sync_cancel

3901492 : 0x2bab8aa2f94e6f : 2 : ittapi_config_apply_per_lib :  ITTAPI function NOT instrumented (not matched by --itt-config option): __itt_sync_acquired

3901492 : 0x2bab8aa2f954a9 : 2 : ittapi_config_apply_per_lib :  ITTAPI function NOT instrumented (not matched by --itt-config option): __itt_sync_releasing

3901492 : 0x2bab8aa2f96639 : 2 : ittapi_config_apply_per_lib :  ITTAPI function not implemented: __itt_suppress_push
3901492 : 0x2bab8aa2f9772d : 2 : ittapi_config_apply_per_lib :  ITTAPI function not implemented: __itt_suppress_pop
3901492 : 0x2bab8aa2f9c3d7 : 2 : ittapi_config_apply_per_lib :  ITTAPI function not implemented: __itt_suppress_mark_range
3901492 : 0x2bab8aa2f9d73f : 2 : ittapi_config_apply_per_lib :  ITTAPI function not implemented: __itt_suppress_clear_range
3901492 : 0x2bab8aa2f9dde9 : 2 : ittapi_config_apply_per_lib :  ITTAPI function NOT instrumented (not matched by --itt-config option): __itt_sync_prepare

3901492 : 0x2bab8aa2f9e445 : 2 : ittapi_config_apply_per_lib :  ITTAPI function NOT instrumented (not matched by --itt-config option): __itt_sync_cancel

3901492 : 0x2bab8aa2f9ea13 : 2 : ittapi_config_apply_per_lib :  ITTAPI function NOT instrumented (not matched by --itt-config option): __itt_sync_acquired

3901492 : 0x2bab8aa2f9efcd : 2 : ittapi_config_apply_per_lib :  ITTAPI function NOT instrumented (not matched by --itt-config option): __itt_sync_releasing

3901492 : 0x2bab8aa2f9f835 : 2 : ittapi_config_apply_per_lib :  ITTAPI function NOT instrumented (not matched by --itt-config option): __itt_model_site_begin

3901492 : 0x2bab8aa2f9ff93 : 2 : ittapi_config_apply_per_lib :  ITTAPI function NOT instrumented (not matched by --itt-config option): __itt_model_site_end

3901492 : 0x2bab8aa2fa04e7 : 2 : ittapi_config_apply_per_lib :  ITTAPI function NOT instrumented (not matched by --itt-config option): __itt_model_task_begin

3901492 : 0x2bab8aa2fa0a41 : 2 : ittapi_config_apply_per_lib :  ITTAPI function NOT instrumented (not matched by --itt-config option): __itt_model_task_end

3901492 : 0x2bab8aa2fa6643 : 2 : ittapi_config_apply_per_lib :  ITTAPI function NOT instrumented (not matched by --itt-config option): __itt_model_lock_acquire

3901492 : 0x2bab8aa2fa6cf7 : 2 : ittapi_config_apply_per_lib :  ITTAPI function NOT instrumented (not matched by --itt-config option): __itt_model_lock_release

3901492 : 0x2bab8aa2fa741f : 2 : ittapi_config_apply_per_lib :  ITTAPI function NOT instrumented (not matched by --itt-config option): __itt_model_record_allocation

3901492 : 0x2bab8aa2fa7b47 : 2 : ittapi_config_apply_per_lib :  ITTAPI function NOT instrumented (not matched by --itt-config option): __itt_model_record_deallocation

3901492 : 0x2bab8aa2fa80af : 2 : ittapi_config_apply_per_lib :  ITTAPI function NOT instrumented (not matched by --itt-config option): __itt_model_induction_uses

3901492 : 0x2bab8aa2fa85c3 : 2 : ittapi_config_apply_per_lib :  ITTAPI function NOT instrumented (not matched by --itt-config option): __itt_model_reduction_uses

3901492 : 0x2bab8aa2fa8c65 : 2 : ittapi_config_apply_per_lib :  ITTAPI function NOT instrumented (not matched by --itt-config option): __itt_model_observe_uses

3901492 : 0x2bab8aa2fa9253 : 2 : ittapi_config_apply_per_lib :  ITTAPI function NOT instrumented (not matched by --itt-config option): __itt_model_clear_uses

3901492 : 0x2bab8aa2fa98f9 : 2 : ittapi_config_apply_per_lib :  ITTAPI function NOT instrumented (not matched by --itt-config option): __itt_model_site_beginA

3901492 : 0x2bab8aa2fa9e0d : 2 : ittapi_config_apply_per_lib :  ITTAPI function NOT instrumented (not matched by --itt-config option): __itt_model_site_beginAL

3901492 : 0x2bab8aa2fad8d1 : 2 : ittapi_config_apply_per_lib :  ITTAPI function NOT instrumented (not matched by --itt-config option): __itt_model_task_beginA

3901492 : 0x2bab8aa2fadec7 : 2 : ittapi_config_apply_per_lib :  ITTAPI function NOT instrumented (not matched by --itt-config option): __itt_model_task_beginAL

3901492 : 0x2bab8aa2fae5f9 : 2 : ittapi_config_apply_per_lib :  ITTAPI function NOT instrumented (not matched by --itt-config option): __itt_model_iteration_taskA

3901492 : 0x2bab8aa2faeb4b : 2 : ittapi_config_apply_per_lib :  ITTAPI function NOT instrumented (not matched by --itt-config option): __itt_model_iteration_taskAL

3901492 : 0x2bab8aa2faf21f : 2 : ittapi_config_apply_per_lib :  ITTAPI function NOT instrumented (not matched by --itt-config option): __itt_model_site_end_2

3901492 : 0x2bab8aa2faf749 : 2 : ittapi_config_apply_per_lib :  ITTAPI function NOT instrumented (not matched by --itt-config option): __itt_model_task_end_2

3901492 : 0x2bab8aa2fafcb5 : 2 : ittapi_config_apply_per_lib :  ITTAPI function NOT instrumented (not matched by --itt-config option): __itt_model_lock_acquire_2

3901492 : 0x2bab8aa2fb01cb : 2 : ittapi_config_apply_per_lib :  ITTAPI function NOT instrumented (not matched by --itt-config option): __itt_model_lock_release_2

3901492 : 0x2bab8aa2fb06dd : 2 : ittapi_config_apply_per_lib :  ITTAPI function NOT instrumented (not matched by --itt-config option): __itt_model_aggregate_task

3901492 : 0x2bab8aa2fb0d43 : 2 : ittapi_config_apply_per_lib :  ITTAPI function NOT instrumented (not matched by --itt-config option): __itt_model_disable_push

3901492 : 0x2bab8aa2fb59fb : 2 : ittapi_config_apply_per_lib :  ITTAPI function NOT instrumented (not matched by --itt-config option): __itt_model_disable_pop

3901492 : 0x2bab8aa2fb6c05 : 2 : ittapi_config_apply_per_lib :  ITTAPI function instrumented: __itt_heap_function_create
3901492 : 0x2bab8aa2fb7c8d : 2 : ittapi_config_apply_per_lib :  ITTAPI function instrumented: __itt_heap_allocate_begin
3901492 : 0x2bab8aa2fb8dc3 : 2 : ittapi_config_apply_per_lib :  ITTAPI function instrumented: __itt_heap_allocate_end
3901492 : 0x2bab8aa2fba739 : 2 : ittapi_config_apply_per_lib :  ITTAPI function instrumented: __itt_heap_free_begin
3901492 : 0x2bab8aa2fbb4bd : 2 : ittapi_config_apply_per_lib :  ITTAPI function instrumented: __itt_heap_free_end
3901492 : 0x2bab8aa2fbc425 : 2 : ittapi_config_apply_per_lib :  ITTAPI function instrumented: __itt_heap_reallocate_begin
3901492 : 0x2bab8aa2fbd31b : 2 : ittapi_config_apply_per_lib :  ITTAPI function instrumented: __itt_heap_reallocate_end
3901492 : 0x2bab8aa2fbe41f : 2 : ittapi_config_apply_per_lib :  ITTAPI function not implemented: __itt_heap_internal_access_begin
3901492 : 0x2bab8aa2fbf589 : 2 : ittapi_config_apply_per_lib :  ITTAPI function not implemented: __itt_heap_internal_access_end
3901492 : 0x2bab8aa2fc48bb : 2 : ittapi_config_apply_per_lib :  ITTAPI function not implemented: __itt_heap_record_memory_growth_begin
3901492 : 0x2bab8aa2fc5b13 : 2 : ittapi_config_apply_per_lib :  ITTAPI function not implemented: __itt_heap_record_memory_growth_end
3901492 : 0x2bab8aa2fc6d83 : 2 : ittapi_config_apply_per_lib :  ITTAPI function not implemented: __itt_heap_reset_detection
3901492 : 0x2bab8aa2fc8269 : 2 : ittapi_config_apply_per_lib :  ITTAPI function not implemented: __itt_heap_record
3901492 : 0x2bab8aa2fc9487 : 2 : ittapi_config_apply_per_lib :  ITTAPI function not implemented: __itt_id_create
3901492 : 0x2bab8aa2fca4cf : 2 : ittapi_config_apply_per_lib :  ITTAPI function not implemented: __itt_id_destroy
3901492 : 0x2bab8aa2fcb239 : 2 : ittapi_config_apply_per_lib :  ITTAPI function instrumented: __itt_get_timestamp
3901492 : 0x2bab8aa2fcc049 : 2 : ittapi_config_apply_per_lib :  ITTAPI function not implemented: __itt_region_begin
3901492 : 0x2bab8aa2fcd04f : 2 : ittapi_config_apply_per_lib :  ITTAPI function not implemented: __itt_region_end
3901492 : 0x2bab8aa2fcdfe7 : 2 : ittapi_config_apply_per_lib :  ITTAPI function instrumented: __itt_frame_begin_v3
3901492 : 0x2bab8aa2fd20e5 : 2 : ittapi_config_apply_per_lib :  ITTAPI function instrumented: __itt_frame_end_v3
3901492 : 0x2bab8aa2fd30bb : 2 : ittapi_config_apply_per_lib :  ITTAPI function instrumented: __itt_frame_submit_v3
3901492 : 0x2bab8aa2fd4035 : 2 : ittapi_config_apply_per_lib :  ITTAPI function not implemented: __itt_task_group
3901492 : 0x2bab8aa2fd4d49 : 2 : ittapi_config_apply_per_lib :  ITTAPI function instrumented: __itt_task_begin
3901492 : 0x2bab8aa2fd5a55 : 2 : ittapi_config_apply_per_lib :  ITTAPI function instrumented: __itt_task_begin_fn
3901492 : 0x2bab8aa2fd68ab : 2 : ittapi_config_apply_per_lib :  ITTAPI function instrumented: __itt_task_end
3901492 : 0x2bab8aa2fd77ad : 2 : ittapi_config_apply_per_lib :  ITTAPI function not implemented: __itt_counter_inc_v3
3901492 : 0x2bab8aa2fd8707 : 2 : ittapi_config_apply_per_lib :  ITTAPI function not implemented: __itt_counter_inc_delta_v3
3901492 : 0x2bab8aa2fd9399 : 2 : ittapi_config_apply_per_lib :  ITTAPI function not implemented: __itt_counter_dec_v3
3901492 : 0x2bab8aa2fda01f : 2 : ittapi_config_apply_per_lib :  ITTAPI function not implemented: __itt_counter_dec_delta_v3
3901492 : 0x2bab8aa2fde797 : 2 : ittapi_config_apply_per_lib :  ITTAPI function not implemented: __itt_marker
3901492 : 0x2bab8aa2fdf6f1 : 2 : ittapi_config_apply_per_lib :  ITTAPI function instrumented: __itt_metadata_add
3901492 : 0x2bab8aa2fe0683 : 2 : ittapi_config_apply_per_lib :  ITTAPI function not implemented: __itt_metadata_str_add
3901492 : 0x2bab8aa2fe13b7 : 2 : ittapi_config_apply_per_lib :  ITTAPI function not implemented: __itt_relation_add_to_current
3901492 : 0x2bab8aa2fe213b : 2 : ittapi_config_apply_per_lib :  ITTAPI function not implemented: __itt_relation_add
3901492 : 0x2bab8aa2fe2d65 : 2 : ittapi_config_apply_per_lib :  ITTAPI function instrumented: __itt_event_create
3901492 : 0x2bab8aa2fe39f3 : 2 : ittapi_config_apply_per_lib :  ITTAPI function instrumented: __itt_event_start
3901492 : 0x2bab8aa2fe4813 : 2 : ittapi_config_apply_per_lib :  ITTAPI function instrumented: __itt_event_end
3901492 : 0x2bab8aa2fe4ff5 : 2 : ittapi_config_apply_per_lib :  ITTAPI function NOT instrumented (not matched by --itt-config option): __itt_sync_set_name

3901492 : 0x2bab8aa2fe5813 : 2 : ittapi_config_apply_per_lib :  ITTAPI function NOT instrumented (not matched by --itt-config option): __itt_notify_sync_name

3901492 : 0x2bab8aa2fea35d : 2 : ittapi_config_apply_per_lib :  ITTAPI function NOT instrumented (not matched by --itt-config option): __itt_notify_sync_prepare

3901492 : 0x2bab8aa2fea9f9 : 2 : ittapi_config_apply_per_lib :  ITTAPI function NOT instrumented (not matched by --itt-config option): __itt_notify_sync_cancel

3901492 : 0x2bab8aa2feafa1 : 2 : ittapi_config_apply_per_lib :  ITTAPI function NOT instrumented (not matched by --itt-config option): __itt_notify_sync_acquired

3901492 : 0x2bab8aa2feb4cd : 2 : ittapi_config_apply_per_lib :  ITTAPI function NOT instrumented (not matched by --itt-config option): __itt_notify_sync_releasing

3901492 : 0x2bab8aa2fec769 : 2 : ittapi_config_apply_per_lib :  ITTAPI function not implemented: __itt_memory_read
3901492 : 0x2bab8aa2fed57b : 2 : ittapi_config_apply_per_lib :  ITTAPI function not implemented: __itt_memory_write
3901492 : 0x2bab8aa2fee3db : 2 : ittapi_config_apply_per_lib :  ITTAPI function not implemented: __itt_memory_update
3901492 : 0x2bab8aa2fef14d : 2 : ittapi_config_apply_per_lib :  ITTAPI function not implemented: __itt_state_get
3901492 : 0x2bab8aa2fefd91 : 2 : ittapi_config_apply_per_lib :  ITTAPI function not implemented: __itt_state_set
3901492 : 0x2bab8aa2ff0a33 : 2 : ittapi_config_apply_per_lib :  ITTAPI function not implemented: __itt_obj_mode_set
3901492 : 0x2bab8aa2ff4f7b : 2 : ittapi_config_apply_per_lib :  ITTAPI function not implemented: __itt_thr_mode_set
3901492 : 0x2bab8aa2ff5c87 : 2 : ittapi_config_apply_per_lib :  ITTAPI function instrumented: __itt_frame_create
3901492 : 0x2bab8aa2ff68cb : 2 : ittapi_config_apply_per_lib :  ITTAPI function instrumented: __itt_pt_region_create
3901492 : 0x2bab8aa2ff766f : 2 : ittapi_config_apply_per_lib :  ITTAPI function instrumented: __itt_frame_begin
3901492 : 0x2bab8aa2ff8443 : 2 : ittapi_config_apply_per_lib :  ITTAPI function instrumented: __itt_frame_end
3901492 : 0x2bab8aa2ff931f : 2 : ittapi_config_apply_per_lib :  ITTAPI function not implemented: __itt_counter_destroy
3901492 : 0x2bab8aa2ffa1bf : 2 : ittapi_config_apply_per_lib :  ITTAPI function instrumented: __itt_counter_inc
3901492 : 0x2bab8aa2ffae05 : 2 : ittapi_config_apply_per_lib :  ITTAPI function instrumented: __itt_counter_inc_delta
3901492 : 0x2bab8aa2ffb9f3 : 2 : ittapi_config_apply_per_lib :  ITTAPI function instrumented: __itt_counter_dec
3901492 : 0x2bab8aa2ffc6eb : 2 : ittapi_config_apply_per_lib :  ITTAPI function instrumented: __itt_counter_dec_delta
3901492 : 0x2bab8aa3000c7b : 2 : ittapi_config_apply_per_lib :  ITTAPI function instrumented: __itt_counter_set_value
3901492 : 0x2bab8aa3001bd5 : 2 : ittapi_config_apply_per_lib :  ITTAPI function not implemented: __itt_counter_set_value_ex
3901492 : 0x2bab8aa300299b : 2 : ittapi_config_apply_per_lib :  ITTAPI function not implemented: __itt_mark_create
3901492 : 0x2bab8aa30037eb : 2 : ittapi_config_apply_per_lib :  ITTAPI function not implemented: __itt_mark
3901492 : 0x2bab8aa300465d : 2 : ittapi_config_apply_per_lib :  ITTAPI function not implemented: __itt_mark_off
3901492 : 0x2bab8aa30054d5 : 2 : ittapi_config_apply_per_lib :  ITTAPI function not implemented: __itt_mark_global
3901492 : 0x2bab8aa3006235 : 2 : ittapi_config_apply_per_lib :  ITTAPI function not implemented: __itt_mark_global_off
3901492 : 0x2bab8aa3007077 : 2 : ittapi_config_apply_per_lib :  ITTAPI function instrumented: __itt_stack_caller_create
3901492 : 0x2bab8aa3007e73 : 2 : ittapi_config_apply_per_lib :  ITTAPI function instrumented: __itt_stack_caller_destroy
3901492 : 0x2bab8aa3008a9b : 2 : ittapi_config_apply_per_lib :  ITTAPI function instrumented: __itt_stack_callee_enter
3901492 : 0x2bab8aa300de89 : 2 : ittapi_config_apply_per_lib :  ITTAPI function instrumented: __itt_stack_callee_leave
3901492 : 0x2bab8aa300ee71 : 2 : ittapi_config_apply_per_lib :  ITTAPI function not implemented: __itt_clock_domain_create
3901492 : 0x2bab8aa300fd01 : 2 : ittapi_config_apply_per_lib :  ITTAPI function not implemented: __itt_clock_domain_reset
3901492 : 0x2bab8aa3010b17 : 2 : ittapi_config_apply_per_lib :  ITTAPI function not implemented: __itt_id_create_ex
3901492 : 0x2bab8aa3011947 : 2 : ittapi_config_apply_per_lib :  ITTAPI function not implemented: __itt_id_destroy_ex
3901492 : 0x2bab8aa30126a9 : 2 : ittapi_config_apply_per_lib :  ITTAPI function not implemented: __itt_task_begin_ex
3901492 : 0x2bab8aa3013405 : 2 : ittapi_config_apply_per_lib :  ITTAPI function not implemented: __itt_task_begin_fn_ex
3901492 : 0x2bab8aa30140b3 : 2 : ittapi_config_apply_per_lib :  ITTAPI function not implemented: __itt_task_end_ex
3901492 : 0x2bab8aa3014d45 : 2 : ittapi_config_apply_per_lib :  ITTAPI function instrumented: __itt_task_begin_overlapped
3901492 : 0x2bab8aa3015b11 : 2 : ittapi_config_apply_per_lib :  ITTAPI function not implemented: __itt_task_begin_overlapped_ex
3901492 : 0x2bab8aa30198fd : 2 : ittapi_config_apply_per_lib :  ITTAPI function instrumented: __itt_task_end_overlapped
3901492 : 0x2bab8aa301a6a5 : 2 : ittapi_config_apply_per_lib :  ITTAPI function not implemented: __itt_task_end_overlapped_ex
3901492 : 0x2bab8aa301b3e7 : 2 : ittapi_config_apply_per_lib :  ITTAPI function not implemented: __itt_marker_ex
3901492 : 0x2bab8aa301c30d : 2 : ittapi_config_apply_per_lib :  ITTAPI function not implemented: __itt_metadata_add_with_scope
3901492 : 0x2bab8aa301d1f7 : 2 : ittapi_config_apply_per_lib :  ITTAPI function not implemented: __itt_metadata_str_add_with_scope
3901492 : 0x2bab8aa301e0bf : 2 : ittapi_config_apply_per_lib :  ITTAPI function not implemented: __itt_relation_add_to_current_ex
3901492 : 0x2bab8aa301eda3 : 2 : ittapi_config_apply_per_lib :  ITTAPI function not implemented: __itt_relation_add_ex
3901492 : 0x2bab8aa301fbbb : 2 : ittapi_config_apply_per_lib :  ITTAPI function not implemented: __itt_track_group_create
3901492 : 0x2bab8aa30207fd : 2 : ittapi_config_apply_per_lib :  ITTAPI function not implemented: __itt_track_create
3901492 : 0x2bab8aa30214af : 2 : ittapi_config_apply_per_lib :  ITTAPI function not implemented: __itt_set_track
3901492 : 0x2bab8aa3026519 : 2 : ittapi_config_apply_per_lib :  ITTAPI function instrumented: __itt_api_version
3901492 : 0x2bab8aa302729b : 2 : ittapi_config_apply_per_lib :  ITTAPI function not implemented: __itt_av_save
3901492 : 0x2bab8aa3027f55 : 2 : ittapi_config_apply_per_lib :  ITTAPI function instrumented: __itt_module_load
3901492 : 0x2bab8aa3028c7d : 2 : ittapi_config_apply_per_lib :  ITTAPI function not implemented: __itt_module_unload
3901492 : 0x2bab8aa30292a3 : 2 : ittapi_config_apply_per_lib :  ITTAPI function NOT instrumented (not matched by --itt-config option): __itt_histogram_submit

3901492 : 0x2bab8aa302a921 : 2 : ittapi_config_apply_per_lib :  ITTAPI function instrumented: __itt_counter_set_value_v3