0 [132512608835392] INFO perfrun.launcher <> - Launcher main begin
1 [132512608835392] INFO perfrun.launcher <> - MessageCatalogInit finished
1 [132512608835392] INFO perfrun.launcher <> - Launcher instance created
1 [132512608835392] INFO perfrun.launcher <> - argc = 7; cmdline = /opt/intel/oneapi/vtune/2025.0/bin64/amplxe-runss --ui-output-format xml --ui-output-fd 5 --option-file /home/junyao/code/cc-HNSW/hs/config/runss.options 
35 [132512608835392] INFO perfrun.perfcollector <> - SEP tool path: /opt/intel/oneapi/vtune/2025.0/bin64/sep
41 [132512608835392] INFO perfrun.launcher <> - create msngr2::ICliToolContext
42 [132512608835392] INFO perfrun.launcher <> - create file finder object
42 [132512608835392] INFO perfrun.launcher <> - create a result directory: pattern = /home/junyao/code/cc-HNSW/hs pid = 4294967295
43 [132512608835392] INFO perfrun.sdk <> - checked that the directory /home/junyao/code/cc-HNSW/hs is a local directory
43 [132512608835392] INFO perfrun.sdk <> - the directory /home/junyao/code/cc-HNSW/hs is a local directory with FS type ID 2035054128
43 [132512608835392] INFO perfrun.launcher <> - create data directory = /home/junyao/code/cc-HNSW/hs/data.0
43 [132512608835392] INFO perfrun.launcher <> - Creating the master collection flag
43 [132512608835392] INFO perfrun.launcher <> - Done creating the master collection flag
47 [132512393201216] INFO perfrun.launcher <> - plugin [remoteplug] was disabled because it doesn't support the given collection type.
47 [132512393201216] INFO perfrun.sdk <> - Allocating TMU :/home/junyao/code/cc-HNSW/hs/data.0/systemcollector-3914705-ntu.sc
48 [132512393201216] INFO perfrun.system <> - Tpss based collection
48 [132512393201216] INFO perfrun.launcher <> - plugin [ptracecollector] was disabled because it doesn't support the given collection type.
48 [132512393201216] INFO perfrun.launcher <> - plugin [gpu] was disabled because it doesn't support the given collection type.
48 [132512393201216] INFO perfrun.launcher <> - plugin [] was disabled because it doesn't support the given collection type.
48 [132512393201216] INFO perfrun.launcher <> - plugin [] was disabled because it doesn't support the given collection type.
48 [132512393201216] INFO perfrun.launcher <> - plugin [] was disabled because it doesn't support the given collection type.
48 [132512393201216] INFO perfrun.mrte <> - system-wide mode is 0
48 [132512393201216] INFO perfrun.mrte <> - Getting  mrte profiling environment ...
54 [132512393201216] INFO perfrun.mrte <> - INTEL_MRTE_DATA_DIR=/home/junyao/code/cc-HNSW/hs/data.0
54 [132512393201216] INFO perfrun.mrte <> - INTEL_MRTE_HOST_NAME=ntu
54 [132512393201216] INFO perfrun.mrte <> - JAVA_TOOL_OPTIONS=-agentlib:amplxe_samplingmrte_javaprof_1.0 -Dsun.boot.library.path=/opt/intel/oneapi/vtune/2025.0/lib32/runtime:/opt/intel/oneapi/vtune/2025.0/lib64/runtime
54 [132512393201216] INFO perfrun.mrte <> - LD_LIBRARY_PATH=/opt/intel/oneapi/vtune/2025.0/lib32/runtime:/opt/intel/oneapi/vtune/2025.0/lib64/runtime:/usr/local/cuda-12.6/lib64:/usr/local/cuda-12.6/lib64:
54 [132512393201216] INFO perfrun.mrte <> - CORECLR_ENABLE_PROFILING=1
54 [132512393201216] INFO perfrun.mrte <> - CORECLR_PROFILER={AA5E4821-E3B1-479c-B7FF-5AD047D22CED}
54 [132512393201216] INFO perfrun.mrte <> - CORECLR_PROFILER_PATH=/opt/intel/oneapi/vtune/2025.0/lib64/libamplxe_samplingmrte_clrprof_1.0.so
54 [132512393201216] INFO perfrun.mrte <> - INTEL_MRTE_PROFILER_MODE=mixed
54 [132512393201216] INFO perfrun.mrte <> - Data directory: /home/junyao/code/cc-HNSW/hs/data.0
54 [132512393201216] INFO perfrun.mrte <> - Mrte plugin is initialized
54 [132512393201216] INFO perfrun.launcher <> - plugin [emon] was disabled because it doesn't support the given collection type.
54 [132512393201216] INFO perfrun.launcher <> - plugin [cuscol] was disabled because it doesn't support the given collection type.
54 [132512393201216] INFO perfrun.launcher <> - plugin [stdsrc] was disabled because it doesn't support the given collection type.
54 [132512393201216] INFO perfrun.launcher <> - plugin [sep] was disabled because it doesn't support the given collection type.
54 [132512393201216] INFO perfrun.launcher <> - plugin [vtsspp] was disabled because it doesn't support the given collection type.
54 [132512393201216] INFO perfrun.launcher <> - plugin [perf] was disabled because it doesn't support the given collection type.
55 [132512393201216] INFO perfrun.launcher <> - plugin [aoclprofile] was disabled because it doesn't support the given collection type.
55 [132512393201216] INFO perfrun.tpss <> - initialize tpss controller
55 [132512393201216] INFO perfrun.tpss <> - configure collection mode: value = cpu:counters:nostack
55 [132512393201216] INFO perfrun.tpss <> - configure collection mode: value = cpu:stack
55 [132512393201216] INFO perfrun.tpss <> - default obj-size-min=1024
55 [132512393201216] INFO perfrun.tpss <> - default hash-table-size=0
55 [132512393201216] INFO perfrun.launcher <> - plugin [media] was disabled because it doesn't support the given collection type.
55 [132512393201216] INFO perfrun.launcher <> - plugin [] was disabled because it doesn't support the given collection type.
55 [132512393201216] INFO perfrun.launcher <> - plugin [] was disabled because it doesn't support the given collection type.
55 [132512393201216] INFO perfrun.launcher <> - plugin [parallelfs] was disabled because it doesn't support the given collection type.
55 [132512393201216] INFO perfrun.launcher <> - plugin [power] was disabled because it doesn't support the given collection type.
55 [132512393201216] INFO perfrun.launcher <> - plugin [] was disabled because it doesn't support the given collection type.
55 [132512393201216] INFO perfrun.launcher <> - plugin [ipmwatch] was disabled because it doesn't support the given collection type.
55 [132512393201216] INFO perfrun.launcher <> - plugin [os_counters] was disabled because it doesn't support the given collection type.
55 [132512393201216] INFO perfrun.launcher <> - plugin [l0_metrics] was disabled because it doesn't support the given collection type.
55 [132512608835392] INFO perfrun.launcher <> - set environment variable: LD_LIBRARY_PATH = /opt/intel/oneapi/vtune/2025.0/lib32/runtime:/opt/intel/oneapi/vtune/2025.0/lib64/runtime:/usr/local/cuda-12.6/lib64:/usr/local/cuda-12.6/lib64:
55 [132512608835392] INFO perfrun.launcher <> - set environment variable: INTEL_LIBITTNOTIFY32 = /opt/intel/oneapi/vtune/2025.0/lib32/runtime/libittnotify_collector.so
55 [132512608835392] INFO perfrun.launcher <> - set environment variable: INTEL_LIBITTNOTIFY64 = /opt/intel/oneapi/vtune/2025.0/lib64/runtime/libittnotify_collector.so
55 [132512608835392] INFO perfrun.launcher <> - set environment variable: INTEL_ITTNOTIFY_GROUPS = 
55 [132512608835392] INFO perfrun.launcher <> - set environment variable: INTEL_JIT_PROFILER32 = /opt/intel/oneapi/vtune/2025.0/lib32/runtime/libittnotify_collector.so
55 [132512608835392] INFO perfrun.launcher <> - set environment variable: INTEL_JIT_PROFILER64 = /opt/intel/oneapi/vtune/2025.0/lib64/runtime/libittnotify_collector.so
55 [132512608835392] INFO perfrun.launcher <> - set environment variable: CCL_ITT_LEVEL = 1
55 [132512608835392] INFO perfrun.launcher <> - set environment variable: ENABLE_JITPROFILING = 1
55 [132512608835392] INFO perfrun.launcher <> - set environment variable: CL_CONFIG_USE_VTUNE = True
55 [132512608835392] INFO perfrun.launcher <> - set environment variable: KMP_FORKJOIN_FRAMES = 0
55 [132512608835392] INFO perfrun.launcher <> - set environment variable: KMP_FORKJOIN_FRAMES_MODE = 0
55 [132512608835392] INFO perfrun.launcher <> - set environment variable: INTEL_MRTE_DATA_DIR = /home/junyao/code/cc-HNSW/hs/data.0
55 [132512608835392] INFO perfrun.launcher <> - set environment variable: INTEL_MRTE_HOST_NAME = ntu
55 [132512608835392] INFO perfrun.launcher <> - set environment variable: JAVA_TOOL_OPTIONS = -agentlib:amplxe_samplingmrte_javaprof_1.0 -Dsun.boot.library.path=/opt/intel/oneapi/vtune/2025.0/lib32/runtime:/opt/intel/oneapi/vtune/2025.0/lib64/runtime
55 [132512608835392] INFO perfrun.launcher <> - set environment variable: LD_LIBRARY_PATH = /opt/intel/oneapi/vtune/2025.0/lib32/runtime:/opt/intel/oneapi/vtune/2025.0/lib64/runtime:/usr/local/cuda-12.6/lib64:/usr/local/cuda-12.6/lib64:
55 [132512608835392] INFO perfrun.launcher <> - set environment variable: CORECLR_ENABLE_PROFILING = 1
55 [132512608835392] INFO perfrun.launcher <> - set environment variable: CORECLR_PROFILER = {AA5E4821-E3B1-479c-B7FF-5AD047D22CED}
56 [132512608835392] INFO perfrun.launcher <> - set environment variable: CORECLR_PROFILER_PATH = /opt/intel/oneapi/vtune/2025.0/lib64/libamplxe_samplingmrte_clrprof_1.0.so
56 [132512608835392] INFO perfrun.launcher <> - set environment variable: INTEL_MRTE_PROFILER_MODE = mixed
56 [132512608835392] INFO perfrun.launcher <> - RpcServer: run RPC server to handle requests
56 [132512608835392] INFO perfrun.launcher <> - Launcher: command line to start before modification = ./bench 48 200000 1 sift/sift_base.fvecs
56 [132512608835392] INFO perfrun.launcher <> - Launcher: command line to start after modification = /opt/intel/oneapi/vtune/2025.0/bin64/pin -error_file /home/junyao/code/cc-HNSW/hs/data.0/pinerr.tpsslog -detach_reattach -follow_execv -tool_load_option deepbind -t64 /opt/intel/oneapi/vtune/2025.0/lib64/libtpsstool.so -t /opt/intel/oneapi/vtune/2025.0/lib32/libtpsstool.so -server_name tpss_ipc.3914705 -prd_dir /opt/intel/oneapi/vtune/2025.0 -- ./bench 48 200000 1 sift/sift_base.fvecs
56 [132512608835392] INFO perfrun.launcher <> - ProcessCreator object was created
57 [132512608835392] INFO perfrun.launcher <> - Launcher: the process was started in suspend mode
60 [132512393201216] WARN perfrun.system <> - Could not do anything with /sys/kernel/debug/kvm: boost::filesystem::status: Permission denied [system:13]: "/sys/kernel/debug/kvm", at file: vcs/perfrun1/plugins/system/src/trace_writer.cpp:787
60 [132512393201216] WARN perfrun.system <> - Folder "/var/run/libvirt/qemu/"doesn't exist, at file: vcs/perfrun1/plugins/system/src/trace_writer.cpp:800
64 [132512393201216] INFO perfrun.sdk <> - runCmd: /opt/intel/oneapi/vtune/2025.0/bin64/sep -platform-info
64 [132512393201216] INFO perfrun.sdk <> - runCmd started PID 3914711
71 [132512393201216] WARN perfrun.sdk <> - SEP driver is not available, at file: vcs/perfrun1/plugins/pluginsdk/src/device_mapper.cpp:1083
71 [132512393201216] INFO perfrun.sdk <> - runCmd: /opt/intel/oneapi/vtune/2025.0/bin64/amplxe-perf stat --iostat=list
72 [132512393201216] INFO perfrun.sdk <> - runCmd started PID 3914712
73 [132512393201216] WARN perfrun.sdk <> - Device mapping through perf is not available on current kernel, at file: vcs/perfrun1/plugins/pluginsdk/src/device_mapper.cpp:1314
76 [132512393201216] INFO perfrun.sdk <> - runCmd: /opt/intel/oneapi/vtune/2025.0/bin64/sep -platform-info
77 [132512393201216] INFO perfrun.sdk <> - runCmd started PID 3914713
82 [132512393201216] WARN perfrun.sdk <> - SEP driver is not available, at file: vcs/perfrun1/plugins/pluginsdk/src/device_mapper.cpp:1083
82 [132512393201216] INFO perfrun.sdk <> - runCmd: /opt/intel/oneapi/vtune/2025.0/bin64/sep -platform-info
83 [132512393201216] INFO perfrun.sdk <> - runCmd started PID 3914714
89 [132512393201216] WARN perfrun.sdk <> - SEP driver is not available, at file: vcs/perfrun1/plugins/pluginsdk/src/device_mapper.cpp:1083
89 [132512393201216] INFO perfrun.sdk <> - runCmd: /opt/intel/oneapi/vtune/2025.0/bin64/amplxe-perf stat --iostat=list
90 [132512393201216] INFO perfrun.sdk <> - runCmd started PID 3914715
93 [132512393201216] WARN perfrun.sdk <> - Device mapping through perf is not available on current kernel, at file: vcs/perfrun1/plugins/pluginsdk/src/device_mapper.cpp:1314
93 [132512393201216] WARN perfrun.sdk <> - Failed to find xl binary on any of the system paths: /bin, /sbin, /usr/bin, /usr/sbin., at file: vcs/perfrun1/sdk/src/utils.cpp:205
93 [132512393201216] WARN perfrun.system <> - Could not start ContainerMapping collector, at file: vcs/perfrun1/plugins/system/src/controller.cpp:450
140 [132512393201216] INFO perfrun.vdso <> - Helper runtool '/opt/intel/oneapi/vtune/2025.0/bin32/amplxe-runss -dump-vdso -r /home/junyao/code/cc-HNSW/hs --tmp-dir /tmp/amplxe-tmp-junyao' returned 0
201 [132512393201216] INFO perfrun.vdso <> - Helper runtool '/opt/intel/oneapi/vtune/2025.0/bin64/amplxe-runss -dump-vdso -r /home/junyao/code/cc-HNSW/hs --tmp-dir /tmp/amplxe-tmp-junyao' returned 0
201 [132512393201216] INFO perfrun.itt <> - start itt controller for pid #3914710
201 [132512393201216] INFO perfrun.tpss <> - start tpss controller for pid #3914710
252 [132512608835392] INFO perfrun.launcher <> - Launcher: all plugins were started
252 [132512608835392] INFO perfrun.launcher <> - DirectoryMonitor object was created
252 [132512608835392] INFO perfrun.launcher <> - DirectoryMonitor: a callback was added
252 [132512608835392] INFO perfrun.launcher <> - DirectoryMonitor was started with pingTime = 1000
252 [132512608835392] INFO perfrun.launcher <> - DeadlineTimer is going to be constructed
252 [132512608835392] INFO perfrun.launcher <> - DeadlineTimer: a callback was added
254 [132512608835392] INFO perfrun.launcher <> - Launcher: resume the profiled application and  wait its termination or stop command
48317 [132512608835392] INFO perfrun.launcher <> - Launcher: the profiled application was terminated  with exit code = 0
48326 [132512393201216] INFO perfrun.itt <> - detach itt controller
48326 [132512393201216] INFO perfrun.itt <> - detach itt controller done
48326 [132512393201216] INFO perfrun.tpss <> - stop tpss controller
48327 [132512393201216] INFO perfrun.sdk <> - De-allocating TMU: /home/junyao/code/cc-HNSW/hs/data.0/systemcollector-3914705-ntu.sc
48327 [132512393201216] INFO perfrun.system <> - closed the system trace file: /home/junyao/code/cc-HNSW/hs/data.0/systemcollector-3914705-ntu.sc
48327 [132512608835392] INFO perfrun.launcher <> - Launcher: all plugins were stopped.
48327 [132512608835392] INFO perfrun.launcher <> - DeadlineTimer is going to be destroyed
48327 [132512608835392] INFO perfrun.launcher <> - DeadlineTimer was destroyed
48327 [132512608835392] INFO perfrun.launcher <> - DirectoryMonitor object was destroyed
48327 [132512608835392] WARN perfrun.launcher <> - Stop command is ignored because it is received when collection is already stopped, at file: vcs/perfrun1/launcher/src/command_handler.cpp:226
48329 [132512608835392] INFO perfrun.launcher <> - Application exit code: 0
48329 [132512608835392] INFO perfrun.launcher <> - Exit code: 0
