0 [139625547421504] INFO perfrun.launcher <> - Launcher main begin
0 [139625547421504] INFO perfrun.launcher <> - MessageCatalogInit finished
0 [139625547421504] INFO perfrun.launcher <> - Launcher instance created
0 [139625547421504] INFO perfrun.launcher <> - argc = 7; cmdline = /opt/intel/oneapi/vtune/2025.0/bin64/amplxe-runss --ui-output-format xml --ui-output-fd 5 --option-file /home/junyao/code/cc-HNSW/r001tr/config/runss.options 
23 [139625547421504] INFO perfrun.perfcollector <> - SEP tool path: /opt/intel/oneapi/vtune/2025.0/bin64/sep
27 [139625547421504] INFO perfrun.launcher <> - create msngr2::ICliToolContext
27 [139625547421504] INFO perfrun.launcher <> - create file finder object
27 [139625547421504] INFO perfrun.launcher <> - create a result directory: pattern = /home/junyao/code/cc-HNSW/r001tr pid = 4294967295
28 [139625547421504] INFO perfrun.sdk <> - checked that the directory /home/junyao/code/cc-HNSW/r001tr is a local directory
28 [139625547421504] INFO perfrun.sdk <> - the directory /home/junyao/code/cc-HNSW/r001tr is a local directory with FS type ID 2035054128
28 [139625547421504] INFO perfrun.launcher <> - create data directory = /home/junyao/code/cc-HNSW/r001tr/data.0
28 [139625547421504] INFO perfrun.launcher <> - Creating the master collection flag
29 [139625547421504] INFO perfrun.launcher <> - Done creating the master collection flag
32 [139625332999744] INFO perfrun.launcher <> - plugin [remoteplug] was disabled because it doesn't support the given collection type.
32 [139625332999744] INFO perfrun.sdk <> - Allocating TMU :/home/junyao/code/cc-HNSW/r001tr/data.0/systemcollector-3904524-ntu.sc
33 [139625332999744] INFO perfrun.system <> - Tpss based collection
33 [139625332999744] INFO perfrun.launcher <> - plugin [ptracecollector] was disabled because it doesn't support the given collection type.
33 [139625332999744] INFO perfrun.launcher <> - plugin [gpu] was disabled because it doesn't support the given collection type.
33 [139625332999744] INFO perfrun.launcher <> - plugin [] was disabled because it doesn't support the given collection type.
33 [139625332999744] INFO perfrun.launcher <> - plugin [] was disabled because it doesn't support the given collection type.
33 [139625332999744] INFO perfrun.launcher <> - plugin [] was disabled because it doesn't support the given collection type.
33 [139625332999744] INFO perfrun.mrte <> - system-wide mode is 0
33 [139625332999744] INFO perfrun.mrte <> - Getting  mrte profiling environment ...
43 [139625332999744] INFO perfrun.mrte <> - INTEL_MRTE_DATA_DIR=/home/junyao/code/cc-HNSW/r001tr/data.0
43 [139625332999744] INFO perfrun.mrte <> - INTEL_MRTE_HOST_NAME=ntu
43 [139625332999744] INFO perfrun.mrte <> - JAVA_TOOL_OPTIONS=-agentlib:amplxe_samplingmrte_javaprof_1.0 -Dsun.boot.library.path=/opt/intel/oneapi/vtune/2025.0/lib32/runtime:/opt/intel/oneapi/vtune/2025.0/lib64/runtime
43 [139625332999744] INFO perfrun.mrte <> - LD_LIBRARY_PATH=/opt/intel/oneapi/vtune/2025.0/lib32/runtime:/opt/intel/oneapi/vtune/2025.0/lib64/runtime:/usr/local/cuda-12.6/lib64:/usr/local/cuda-12.6/lib64:
43 [139625332999744] INFO perfrun.mrte <> - CORECLR_ENABLE_PROFILING=1
43 [139625332999744] INFO perfrun.mrte <> - CORECLR_PROFILER={AA5E4821-E3B1-479c-B7FF-5AD047D22CED}
43 [139625332999744] INFO perfrun.mrte <> - CORECLR_PROFILER_PATH=/opt/intel/oneapi/vtune/2025.0/lib64/libamplxe_samplingmrte_clrprof_1.0.so
43 [139625332999744] INFO perfrun.mrte <> - INTEL_MRTE_PROFILER_MODE=mixed
43 [139625332999744] INFO perfrun.mrte <> - Data directory: /home/junyao/code/cc-HNSW/r001tr/data.0
43 [139625332999744] INFO perfrun.mrte <> - Mrte plugin is initialized
43 [139625332999744] INFO perfrun.launcher <> - plugin [emon] was disabled because it doesn't support the given collection type.
43 [139625332999744] INFO perfrun.launcher <> - plugin [cuscol] was disabled because it doesn't support the given collection type.
43 [139625332999744] INFO perfrun.launcher <> - plugin [stdsrc] was disabled because it doesn't support the given collection type.
43 [139625332999744] INFO perfrun.launcher <> - plugin [sep] was disabled because it doesn't support the given collection type.
43 [139625332999744] INFO perfrun.launcher <> - plugin [vtsspp] was disabled because it doesn't support the given collection type.
43 [139625332999744] INFO perfrun.launcher <> - plugin [perf] was disabled because it doesn't support the given collection type.
43 [139625332999744] INFO perfrun.launcher <> - plugin [aoclprofile] was disabled because it doesn't support the given collection type.
43 [139625332999744] INFO perfrun.tpss <> - initialize tpss controller
43 [139625332999744] INFO perfrun.tpss <> - configure collection mode: value = cpu:counters:nostack
43 [139625332999744] INFO perfrun.tpss <> - configure collection mode: value = cpu:stack
43 [139625332999744] INFO perfrun.tpss <> - configure collection mode: value = threading:stack
43 [139625332999744] INFO perfrun.tpss <> - configure collection mode: value = waiting:stack
43 [139625332999744] INFO perfrun.tpss <> - configure collection mode: value = io:stack
43 [139625332999744] INFO perfrun.tpss <> - default obj-size-min=1024
43 [139625332999744] INFO perfrun.tpss <> - default hash-table-size=0
43 [139625332999744] INFO perfrun.launcher <> - plugin [media] was disabled because it doesn't support the given collection type.
43 [139625332999744] INFO perfrun.launcher <> - plugin [] was disabled because it doesn't support the given collection type.
43 [139625332999744] INFO perfrun.launcher <> - plugin [] was disabled because it doesn't support the given collection type.
43 [139625332999744] INFO perfrun.launcher <> - plugin [parallelfs] was disabled because it doesn't support the given collection type.
43 [139625332999744] INFO perfrun.launcher <> - plugin [power] was disabled because it doesn't support the given collection type.
43 [139625332999744] INFO perfrun.launcher <> - plugin [] was disabled because it doesn't support the given collection type.
43 [139625332999744] INFO perfrun.launcher <> - plugin [ipmwatch] was disabled because it doesn't support the given collection type.
43 [139625332999744] INFO perfrun.launcher <> - plugin [os_counters] was disabled because it doesn't support the given collection type.
43 [139625332999744] INFO perfrun.launcher <> - plugin [l0_metrics] was disabled because it doesn't support the given collection type.
44 [139625547421504] INFO perfrun.launcher <> - set environment variable: LD_LIBRARY_PATH = /opt/intel/oneapi/vtune/2025.0/lib32/runtime:/opt/intel/oneapi/vtune/2025.0/lib64/runtime:/usr/local/cuda-12.6/lib64:/usr/local/cuda-12.6/lib64:
44 [139625547421504] INFO perfrun.launcher <> - set environment variable: INTEL_LIBITTNOTIFY32 = /opt/intel/oneapi/vtune/2025.0/lib32/runtime/libittnotify_collector.so
44 [139625547421504] INFO perfrun.launcher <> - set environment variable: INTEL_LIBITTNOTIFY64 = /opt/intel/oneapi/vtune/2025.0/lib64/runtime/libittnotify_collector.so
44 [139625547421504] INFO perfrun.launcher <> - set environment variable: INTEL_ITTNOTIFY_GROUPS = 
44 [139625547421504] INFO perfrun.launcher <> - set environment variable: INTEL_JIT_PROFILER32 = /opt/intel/oneapi/vtune/2025.0/lib32/runtime/libittnotify_collector.so
44 [139625547421504] INFO perfrun.launcher <> - set environment variable: INTEL_JIT_PROFILER64 = /opt/intel/oneapi/vtune/2025.0/lib64/runtime/libittnotify_collector.so
44 [139625547421504] INFO perfrun.launcher <> - set environment variable: OMP_TOOL_LIBRARIES = /opt/intel/oneapi/vtune/2025.0/lib32/runtime/libittnotify_collector.so:/opt/intel/oneapi/vtune/2025.0/lib64/runtime/libittnotify_collector.so
44 [139625547421504] INFO perfrun.launcher <> - set environment variable: CCL_ITT_LEVEL = 1
44 [139625547421504] INFO perfrun.launcher <> - set environment variable: ENABLE_JITPROFILING = 1
44 [139625547421504] INFO perfrun.launcher <> - set environment variable: CL_CONFIG_USE_VTUNE = True
44 [139625547421504] INFO perfrun.launcher <> - set environment variable: INTEL_MRTE_DATA_DIR = /home/junyao/code/cc-HNSW/r001tr/data.0
44 [139625547421504] INFO perfrun.launcher <> - set environment variable: INTEL_MRTE_HOST_NAME = ntu
44 [139625547421504] INFO perfrun.launcher <> - set environment variable: JAVA_TOOL_OPTIONS = -agentlib:amplxe_samplingmrte_javaprof_1.0 -Dsun.boot.library.path=/opt/intel/oneapi/vtune/2025.0/lib32/runtime:/opt/intel/oneapi/vtune/2025.0/lib64/runtime
44 [139625547421504] INFO perfrun.launcher <> - set environment variable: LD_LIBRARY_PATH = /opt/intel/oneapi/vtune/2025.0/lib32/runtime:/opt/intel/oneapi/vtune/2025.0/lib64/runtime:/usr/local/cuda-12.6/lib64:/usr/local/cuda-12.6/lib64:
44 [139625547421504] INFO perfrun.launcher <> - set environment variable: CORECLR_ENABLE_PROFILING = 1
44 [139625547421504] INFO perfrun.launcher <> - set environment variable: CORECLR_PROFILER = {AA5E4821-E3B1-479c-B7FF-5AD047D22CED}
44 [139625547421504] INFO perfrun.launcher <> - set environment variable: CORECLR_PROFILER_PATH = /opt/intel/oneapi/vtune/2025.0/lib64/libamplxe_samplingmrte_clrprof_1.0.so
44 [139625547421504] INFO perfrun.launcher <> - set environment variable: INTEL_MRTE_PROFILER_MODE = mixed
44 [139625547421504] INFO perfrun.launcher <> - RpcServer: run RPC server to handle requests
45 [139625547421504] INFO perfrun.launcher <> - Launcher: command line to start before modification = ./bench 47 300000 1 sift/sift_base.fvecs
45 [139625547421504] INFO perfrun.launcher <> - Launcher: command line to start after modification = /opt/intel/oneapi/vtune/2025.0/bin64/pin -error_file /home/junyao/code/cc-HNSW/r001tr/data.0/pinerr.tpsslog -detach_reattach -follow_execv -tool_load_option deepbind -t64 /opt/intel/oneapi/vtune/2025.0/lib64/libtpsstool.so -t /opt/intel/oneapi/vtune/2025.0/lib32/libtpsstool.so -server_name tpss_ipc.3904524 -prd_dir /opt/intel/oneapi/vtune/2025.0 -- ./bench 47 300000 1 sift/sift_base.fvecs
45 [139625547421504] INFO perfrun.launcher <> - ProcessCreator object was created
45 [139625547421504] INFO perfrun.launcher <> - Launcher: the process was started in suspend mode
50 [139625332999744] WARN perfrun.system <> - Could not do anything with /sys/kernel/debug/kvm: boost::filesystem::status: Permission denied [system:13]: "/sys/kernel/debug/kvm", at file: vcs/perfrun1/plugins/system/src/trace_writer.cpp:787
50 [139625332999744] WARN perfrun.system <> - Folder "/var/run/libvirt/qemu/"doesn't exist, at file: vcs/perfrun1/plugins/system/src/trace_writer.cpp:800
52 [139625332999744] INFO perfrun.sdk <> - runCmd: /opt/intel/oneapi/vtune/2025.0/bin64/sep -platform-info
53 [139625332999744] INFO perfrun.sdk <> - runCmd started PID 3904530
59 [139625332999744] WARN perfrun.sdk <> - SEP driver is not available, at file: vcs/perfrun1/plugins/pluginsdk/src/device_mapper.cpp:1083
59 [139625332999744] INFO perfrun.sdk <> - runCmd: /opt/intel/oneapi/vtune/2025.0/bin64/amplxe-perf stat --iostat=list
59 [139625332999744] INFO perfrun.sdk <> - runCmd started PID 3904531
62 [139625332999744] WARN perfrun.sdk <> - Device mapping through perf is not available on current kernel, at file: vcs/perfrun1/plugins/pluginsdk/src/device_mapper.cpp:1314
63 [139625332999744] INFO perfrun.sdk <> - runCmd: /opt/intel/oneapi/vtune/2025.0/bin64/sep -platform-info
64 [139625332999744] INFO perfrun.sdk <> - runCmd started PID 3904532
70 [139625332999744] WARN perfrun.sdk <> - SEP driver is not available, at file: vcs/perfrun1/plugins/pluginsdk/src/device_mapper.cpp:1083
70 [139625332999744] INFO perfrun.sdk <> - runCmd: /opt/intel/oneapi/vtune/2025.0/bin64/sep -platform-info
70 [139625332999744] INFO perfrun.sdk <> - runCmd started PID 3904533
77 [139625332999744] WARN perfrun.sdk <> - SEP driver is not available, at file: vcs/perfrun1/plugins/pluginsdk/src/device_mapper.cpp:1083
77 [139625332999744] INFO perfrun.sdk <> - runCmd: /opt/intel/oneapi/vtune/2025.0/bin64/amplxe-perf stat --iostat=list
77 [139625332999744] INFO perfrun.sdk <> - runCmd started PID 3904534
80 [139625332999744] WARN perfrun.sdk <> - Device mapping through perf is not available on current kernel, at file: vcs/perfrun1/plugins/pluginsdk/src/device_mapper.cpp:1314
80 [139625332999744] WARN perfrun.sdk <> - Failed to find xl binary on any of the system paths: /bin, /sbin, /usr/bin, /usr/sbin., at file: vcs/perfrun1/sdk/src/utils.cpp:205
80 [139625332999744] WARN perfrun.system <> - Could not start ContainerMapping collector, at file: vcs/perfrun1/plugins/system/src/controller.cpp:450
145 [139625332999744] INFO perfrun.vdso <> - Helper runtool '/opt/intel/oneapi/vtune/2025.0/bin32/amplxe-runss -dump-vdso -r /home/junyao/code/cc-HNSW/r001tr --tmp-dir /tmp/amplxe-tmp-junyao' returned 0
193 [139625332999744] INFO perfrun.vdso <> - Helper runtool '/opt/intel/oneapi/vtune/2025.0/bin64/amplxe-runss -dump-vdso -r /home/junyao/code/cc-HNSW/r001tr --tmp-dir /tmp/amplxe-tmp-junyao' returned 0
193 [139625332999744] INFO perfrun.itt <> - start itt controller for pid #3904529
193 [139625332999744] INFO perfrun.tpss <> - start tpss controller for pid #3904529
244 [139625547421504] INFO perfrun.launcher <> - Launcher: all plugins were started
244 [139625547421504] INFO perfrun.launcher <> - DirectoryMonitor object was created
244 [139625547421504] INFO perfrun.launcher <> - DirectoryMonitor: a callback was added
244 [139625547421504] INFO perfrun.launcher <> - DirectoryMonitor was started with pingTime = 1000
244 [139625547421504] INFO perfrun.launcher <> - DeadlineTimer is going to be constructed
245 [139625547421504] INFO perfrun.launcher <> - DeadlineTimer: a callback was added
247 [139625547421504] INFO perfrun.launcher <> - Launcher: resume the profiled application and  wait its termination or stop command
88521 [139625547421504] INFO perfrun.launcher <> - Launcher: the profiled application was terminated  with exit code = 0
88535 [139625332999744] INFO perfrun.itt <> - detach itt controller
88536 [139625332999744] INFO perfrun.itt <> - detach itt controller done
88536 [139625332999744] INFO perfrun.tpss <> - stop tpss controller
88536 [139625332999744] INFO perfrun.sdk <> - De-allocating TMU: /home/junyao/code/cc-HNSW/r001tr/data.0/systemcollector-3904524-ntu.sc
88536 [139625332999744] INFO perfrun.system <> - closed the system trace file: /home/junyao/code/cc-HNSW/r001tr/data.0/systemcollector-3904524-ntu.sc
88537 [139625547421504] INFO perfrun.launcher <> - Launcher: all plugins were stopped.
88537 [139625547421504] INFO perfrun.launcher <> - DeadlineTimer is going to be destroyed
88537 [139625547421504] INFO perfrun.launcher <> - DeadlineTimer was destroyed
88537 [139625547421504] INFO perfrun.launcher <> - DirectoryMonitor object was destroyed
88537 [139625547421504] WARN perfrun.launcher <> - Stop command is ignored because it is received when collection is already stopped, at file: vcs/perfrun1/launcher/src/command_handler.cpp:226
88538 [139625547421504] INFO perfrun.launcher <> - Application exit code: 0
88538 [139625547421504] INFO perfrun.launcher <> - Exit code: 0
