2 [3870254848] INFO perfrun.launcher <> - Launcher main begin
3 [3870254848] INFO perfrun.launcher <> - MessageCatalogInit finished
3 [3870254848] INFO perfrun.launcher <> - Launcher instance created
3 [3870254848] INFO perfrun.launcher <> - argc = 6; cmdline = /opt/intel/oneapi/vtune/2025.0/bin32/amplxe-runss -dump-vdso -r /home/junyao/code/cc-HNSW/r001tr --tmp-dir /tmp/amplxe-tmp-junyao 
21 [3870254848] INFO perfrun.launcher <> - create msngr2::ICliToolContext
21 [3870254848] INFO perfrun.launcher <> - create file finder object
33 [3869723328] INFO perfrun.launcher <> - plugin [remoteplug] was disabled because it doesn't support the given collection type.
33 [3869723328] INFO perfrun.launcher <> - plugin [] was disabled because it doesn't support the given collection type.
33 [3869723328] INFO perfrun.vdso <> - dumping [vdso] pseudomodule
34 [3869723328] INFO perfrun.launcher <> - plugin [] was disabled because it doesn't support the given collection type.
34 [3869723328] INFO perfrun.launcher <> - plugin [] was disabled because it doesn't support the given collection type.
34 [3869723328] INFO perfrun.launcher <> - plugin [] was disabled because it doesn't support the given collection type.
34 [3869723328] INFO perfrun.launcher <> - plugin [] was disabled because it doesn't support the given collection type.
34 [3869723328] INFO perfrun.launcher <> - plugin [] was disabled because it doesn't support the given collection type.
34 [3869723328] INFO perfrun.launcher <> - plugin [] was disabled because it doesn't support the given collection type.
34 [3869723328] INFO perfrun.launcher <> - plugin [] was disabled because it doesn't support the given collection type.
34 [3869723328] INFO perfrun.launcher <> - plugin [] was disabled because it doesn't support the given collection type.
34 [3869723328] INFO perfrun.launcher <> - plugin [] was disabled because it doesn't support the given collection type.
34 [3869723328] INFO perfrun.launcher <> - plugin [] was disabled because it doesn't support the given collection type.
34 [3869723328] INFO perfrun.launcher <> - plugin [] was disabled because it doesn't support the given collection type.
34 [3869723328] INFO perfrun.launcher <> - plugin [] was disabled because it doesn't support the given collection type.
34 [3869723328] INFO perfrun.launcher <> - plugin [] was disabled because it doesn't support the given collection type.
34 [3869723328] INFO perfrun.launcher <> - plugin [] was disabled because it doesn't support the given collection type.
34 [3869723328] INFO perfrun.launcher <> - plugin [] was disabled because it doesn't support the given collection type.
34 [3869723328] INFO perfrun.launcher <> - plugin [] was disabled because it doesn't support the given collection type.
34 [3869723328] INFO perfrun.launcher <> - plugin [] was disabled because it doesn't support the given collection type.
34 [3869723328] INFO perfrun.launcher <> - plugin [] was disabled because it doesn't support the given collection type.
34 [3869723328] INFO perfrun.launcher <> - plugin [] was disabled because it doesn't support the given collection type.
34 [3869723328] INFO perfrun.launcher <> - plugin [] was disabled because it doesn't support the given collection type.
34 [3869723328] INFO perfrun.launcher <> - plugin [] was disabled because it doesn't support the given collection type.
34 [3869723328] INFO perfrun.launcher <> - plugin [] was disabled because it doesn't support the given collection type.
34 [3869723328] INFO perfrun.launcher <> - plugin [] was disabled because it doesn't support the given collection type.
34 [3869723328] INFO perfrun.launcher <> - plugin [] was disabled because it doesn't support the given collection type.
34 [3870254848] INFO perfrun.launcher <> - Application exit code: 0
34 [3870254848] INFO perfrun.launcher <> - Exit code: 0
