
3900462 : 0x2baac8ea38a72d : 1 : spill_jit_data :  Jit agent is not initialized
3900419 : 0x2baac8ea392e55 : 2 : ittapi_config_mask_get :  --itt-config mask to be applied: 55
3900419 : 0x2baac8ea399cbd : 2 : ittapi_config_apply_per_lib :  ITTAPI function instrumented: __itt_domain_create
3900419 : 0x2baac8ea39b957 : 2 : ittapi_config_apply_per_lib :  ITTAPI function instrumented: __itt_module_load_with_sections
3900419 : 0x2baac8ea39dbbd : 2 : ittapi_config_apply_per_lib :  ITTAPI function not implemented: __itt_module_unload_with_sections
3900419 : 0x2baac8ea39f195 : 2 : ittapi_config_apply_per_lib :  ITTAPI function instrumented: __itt_string_handle_create
3900419 : 0x2baac8ea39ff87 : 2 : ittapi_config_apply_per_lib :  ITTAPI function instrumented: __itt_counter_create
3900419 : 0x2baac8ea3a0db1 : 2 : ittapi_config_apply_per_lib :  ITTAPI function instrumented: __itt_counter_create_typed
3900419 : 0x2baac8ea3a1ef3 : 2 : ittapi_config_apply_per_lib :  ITTAPI function instrumented: __itt_pause
3900419 : 0x2baac8ea3a30bf : 2 : ittapi_config_apply_per_lib :  ITTAPI function instrumented: __itt_resume
3900419 : 0x2baac8ea3b77ed : 2 : ittapi_config_apply_per_lib :  ITTAPI function not implemented: __itt_pause_scoped
3900419 : 0x2baac8ea3b8aff : 2 : ittapi_config_apply_per_lib :  ITTAPI function not implemented: __itt_resume_scoped
3900419 : 0x2baac8ea3b999b : 2 : ittapi_config_apply_per_lib :  ITTAPI function instrumented: __itt_thread_set_name
3900419 : 0x2baac8ea3ba6a9 : 2 : ittapi_config_apply_per_lib :  ITTAPI function instrumented: __itt_thread_ignore
3900419 : 0x2baac8ea3bb3ff : 2 : ittapi_config_apply_per_lib :  ITTAPI function instrumented: __itt_thr_name_set
3900419 : 0x2baac8ea3bc167 : 2 : ittapi_config_apply_per_lib :  ITTAPI function instrumented: __itt_thr_ignore
3900419 : 0x2baac8ea3bcebf : 2 : ittapi_config_apply_per_lib :  ITTAPI function instrumented: __itt_histogram_create
3900419 : 0x2baac8ea3bda81 : 2 : ittapi_config_apply_per_lib :  ITTAPI function instrumented: __itt_counter_create_v3
3900419 : 0x2baac8ea3be939 : 2 : ittapi_config_apply_per_lib :  ITTAPI function instrumented: __itt_bind_context_metadata_to_counter
3900419 : 0x2baac8ea3bf91b : 2 : ittapi_config_apply_per_lib :  ITTAPI function not implemented: __itt_enable_attach
3900419 : 0x2baac8ea3c4777 : 2 : ittapi_config_apply_per_lib :  ITTAPI function instrumented: __itt_detach
3900419 : 0x2baac8ea3c4f3d : 2 : ittapi_config_apply_per_lib :  ITTAPI function NOT instrumented (not matched by --itt-config option): __itt_sync_create

3900419 : 0x2baac8ea3c5747 : 2 : ittapi_config_apply_per_lib :  ITTAPI function NOT instrumented (not matched by --itt-config option): __itt_sync_rename

3900419 : 0x2baac8ea3c5da1 : 2 : ittapi_config_apply_per_lib :  ITTAPI function NOT instrumented (not matched by --itt-config option): __itt_sync_destroy

3900419 : 0x2baac8ea3c6401 : 2 : ittapi_config_apply_per_lib :  ITTAPI function NOT instrumented (not matched by --itt-config option): __itt_sync_prepare

3900419 : 0x2baac8ea3c69d5 : 2 : ittapi_config_apply_per_lib :  ITTAPI function NOT instrumented (not matched by --itt-config option): __itt_sync_cancel

3900419 : 0x2baac8ea3c701f : 2 : ittapi_config_apply_per_lib :  ITTAPI function NOT instrumented (not matched by --itt-config option): __itt_sync_acquired

3900419 : 0x2baac8ea3c7711 : 2 : ittapi_config_apply_per_lib :  ITTAPI function NOT instrumented (not matched by --itt-config option): __itt_sync_releasing

3900419 : 0x2baac8ea3c856d : 2 : ittapi_config_apply_per_lib :  ITTAPI function not implemented: __itt_suppress_push
3900419 : 0x2baac8ea3c95bd : 2 : ittapi_config_apply_per_lib :  ITTAPI function not implemented: __itt_suppress_pop
3900419 : 0x2baac8ea3ce4db : 2 : ittapi_config_apply_per_lib :  ITTAPI function not implemented: __itt_suppress_mark_range
3900419 : 0x2baac8ea3d0257 : 2 : ittapi_config_apply_per_lib :  ITTAPI function not implemented: __itt_suppress_clear_range
3900419 : 0x2baac8ea3d091d : 2 : ittapi_config_apply_per_lib :  ITTAPI function NOT instrumented (not matched by --itt-config option): __itt_sync_prepare

3900419 : 0x2baac8ea3d0f67 : 2 : ittapi_config_apply_per_lib :  ITTAPI function NOT instrumented (not matched by --itt-config option): __itt_sync_cancel

3900419 : 0x2baac8ea3d1547 : 2 : ittapi_config_apply_per_lib :  ITTAPI function NOT instrumented (not matched by --itt-config option): __itt_sync_acquired

3900419 : 0x2baac8ea3d1b01 : 2 : ittapi_config_apply_per_lib :  ITTAPI function NOT instrumented (not matched by --itt-config option): __itt_sync_releasing

3900419 : 0x2baac8ea3d2297 : 2 : ittapi_config_apply_per_lib :  ITTAPI function NOT instrumented (not matched by --itt-config option): __itt_model_site_begin

3900419 : 0x2baac8ea3d2a11 : 2 : ittapi_config_apply_per_lib :  ITTAPI function NOT instrumented (not matched by --itt-config option): __itt_model_site_end

3900419 : 0x2baac8ea3d2f91 : 2 : ittapi_config_apply_per_lib :  ITTAPI function NOT instrumented (not matched by --itt-config option): __itt_model_task_begin

3900419 : 0x2baac8ea3d34e7 : 2 : ittapi_config_apply_per_lib :  ITTAPI function NOT instrumented (not matched by --itt-config option): __itt_model_task_end

3900419 : 0x2baac8ea3d9333 : 2 : ittapi_config_apply_per_lib :  ITTAPI function NOT instrumented (not matched by --itt-config option): __itt_model_lock_acquire

3900419 : 0x2baac8ea3d99d1 : 2 : ittapi_config_apply_per_lib :  ITTAPI function NOT instrumented (not matched by --itt-config option): __itt_model_lock_release

3900419 : 0x2baac8ea3d9f51 : 2 : ittapi_config_apply_per_lib :  ITTAPI function NOT instrumented (not matched by --itt-config option): __itt_model_record_allocation

3900419 : 0x2baac8ea3da5f5 : 2 : ittapi_config_apply_per_lib :  ITTAPI function NOT instrumented (not matched by --itt-config option): __itt_model_record_deallocation

3900419 : 0x2baac8ea3dab75 : 2 : ittapi_config_apply_per_lib :  ITTAPI function NOT instrumented (not matched by --itt-config option): __itt_model_induction_uses

3900419 : 0x2baac8ea3db091 : 2 : ittapi_config_apply_per_lib :  ITTAPI function NOT instrumented (not matched by --itt-config option): __itt_model_reduction_uses

3900419 : 0x2baac8ea3db5a5 : 2 : ittapi_config_apply_per_lib :  ITTAPI function NOT instrumented (not matched by --itt-config option): __itt_model_observe_uses

3900419 : 0x2baac8ea3dbab5 : 2 : ittapi_config_apply_per_lib :  ITTAPI function NOT instrumented (not matched by --itt-config option): __itt_model_clear_uses

3900419 : 0x2baac8ea3dbfbf : 2 : ittapi_config_apply_per_lib :  ITTAPI function NOT instrumented (not matched by --itt-config option): __itt_model_site_beginA

3900419 : 0x2baac8ea3dc4c3 : 2 : ittapi_config_apply_per_lib :  ITTAPI function NOT instrumented (not matched by --itt-config option): __itt_model_site_beginAL

3900419 : 0x2baac8ea3dfb69 : 2 : ittapi_config_apply_per_lib :  ITTAPI function NOT instrumented (not matched by --itt-config option): __itt_model_task_beginA

3900419 : 0x2baac8ea3e01b3 : 2 : ittapi_config_apply_per_lib :  ITTAPI function NOT instrumented (not matched by --itt-config option): __itt_model_task_beginAL

3900419 : 0x2baac8ea3e0743 : 2 : ittapi_config_apply_per_lib :  ITTAPI function NOT instrumented (not matched by --itt-config option): __itt_model_iteration_taskA

3900419 : 0x2baac8ea3e0c87 : 2 : ittapi_config_apply_per_lib :  ITTAPI function NOT instrumented (not matched by --itt-config option): __itt_model_iteration_taskAL

3900419 : 0x2baac8ea3e11b1 : 2 : ittapi_config_apply_per_lib :  ITTAPI function NOT instrumented (not matched by --itt-config option): __itt_model_site_end_2

3900419 : 0x2baac8ea3e16c3 : 2 : ittapi_config_apply_per_lib :  ITTAPI function NOT instrumented (not matched by --itt-config option): __itt_model_task_end_2

3900419 : 0x2baac8ea3e1bdb : 2 : ittapi_config_apply_per_lib :  ITTAPI function NOT instrumented (not matched by --itt-config option): __itt_model_lock_acquire_2

3900419 : 0x2baac8ea3e20e5 : 2 : ittapi_config_apply_per_lib :  ITTAPI function NOT instrumented (not matched by --itt-config option): __itt_model_lock_release_2

3900419 : 0x2baac8ea3e273f : 2 : ittapi_config_apply_per_lib :  ITTAPI function NOT instrumented (not matched by --itt-config option): __itt_model_aggregate_task

3900419 : 0x2baac8ea3e2dd7 : 2 : ittapi_config_apply_per_lib :  ITTAPI function NOT instrumented (not matched by --itt-config option): __itt_model_disable_push

3900419 : 0x2baac8ea3e7b8b : 2 : ittapi_config_apply_per_lib :  ITTAPI function NOT instrumented (not matched by --itt-config option): __itt_model_disable_pop

3900419 : 0x2baac8ea3e8b99 : 2 : ittapi_config_apply_per_lib :  ITTAPI function instrumented: __itt_heap_function_create
3900419 : 0x2baac8ea3e9b39 : 2 : ittapi_config_apply_per_lib :  ITTAPI function instrumented: __itt_heap_allocate_begin
3900419 : 0x2baac8ea3ea8d1 : 2 : ittapi_config_apply_per_lib :  ITTAPI function instrumented: __itt_heap_allocate_end
3900419 : 0x2baac8ea3eb5bb : 2 : ittapi_config_apply_per_lib :  ITTAPI function instrumented: __itt_heap_free_begin
3900419 : 0x2baac8ea3ec2ef : 2 : ittapi_config_apply_per_lib :  ITTAPI function instrumented: __itt_heap_free_end
3900419 : 0x2baac8ea3ecf57 : 2 : ittapi_config_apply_per_lib :  ITTAPI function instrumented: __itt_heap_reallocate_begin
3900419 : 0x2baac8ea3edc03 : 2 : ittapi_config_apply_per_lib :  ITTAPI function instrumented: __itt_heap_reallocate_end
3900419 : 0x2baac8ea3eead9 : 2 : ittapi_config_apply_per_lib :  ITTAPI function not implemented: __itt_heap_internal_access_begin
3900419 : 0x2baac8ea3efb53 : 2 : ittapi_config_apply_per_lib :  ITTAPI function not implemented: __itt_heap_internal_access_end
3900419 : 0x2baac8ea3f459f : 2 : ittapi_config_apply_per_lib :  ITTAPI function not implemented: __itt_heap_record_memory_growth_begin
3900419 : 0x2baac8ea3f54f9 : 2 : ittapi_config_apply_per_lib :  ITTAPI function not implemented: __itt_heap_record_memory_growth_end
3900419 : 0x2baac8ea3f6483 : 2 : ittapi_config_apply_per_lib :  ITTAPI function not implemented: __itt_heap_reset_detection
3900419 : 0x2baac8ea3f74ed : 2 : ittapi_config_apply_per_lib :  ITTAPI function not implemented: __itt_heap_record
3900419 : 0x2baac8ea3f840b : 2 : ittapi_config_apply_per_lib :  ITTAPI function not implemented: __itt_id_create
3900419 : 0x2baac8ea3f9429 : 2 : ittapi_config_apply_per_lib :  ITTAPI function not implemented: __itt_id_destroy
3900419 : 0x2baac8ea3fa1f5 : 2 : ittapi_config_apply_per_lib :  ITTAPI function instrumented: __itt_get_timestamp
3900419 : 0x2baac8ea3fb085 : 2 : ittapi_config_apply_per_lib :  ITTAPI function not implemented: __itt_region_begin
3900419 : 0x2baac8ea3fbee7 : 2 : ittapi_config_apply_per_lib :  ITTAPI function not implemented: __itt_region_end
3900419 : 0x2baac8ea3fccc7 : 2 : ittapi_config_apply_per_lib :  ITTAPI function instrumented: __itt_frame_begin_v3
3900419 : 0x2baac8ea400dd9 : 2 : ittapi_config_apply_per_lib :  ITTAPI function instrumented: __itt_frame_end_v3
3900419 : 0x2baac8ea40257f : 2 : ittapi_config_apply_per_lib :  ITTAPI function instrumented: __itt_frame_submit_v3
3900419 : 0x2baac8ea403453 : 2 : ittapi_config_apply_per_lib :  ITTAPI function not implemented: __itt_task_group
3900419 : 0x2baac8ea404251 : 2 : ittapi_config_apply_per_lib :  ITTAPI function instrumented: __itt_task_begin
3900419 : 0x2baac8ea404f25 : 2 : ittapi_config_apply_per_lib :  ITTAPI function instrumented: __itt_task_begin_fn
3900419 : 0x2baac8ea405bf9 : 2 : ittapi_config_apply_per_lib :  ITTAPI function instrumented: __itt_task_end
3900419 : 0x2baac8ea406a67 : 2 : ittapi_config_apply_per_lib :  ITTAPI function not implemented: __itt_counter_inc_v3
3900419 : 0x2baac8ea40785b : 2 : ittapi_config_apply_per_lib :  ITTAPI function not implemented: __itt_counter_inc_delta_v3
3900419 : 0x2baac8ea40850d : 2 : ittapi_config_apply_per_lib :  ITTAPI function not implemented: __itt_counter_dec_v3
3900419 : 0x2baac8ea40916f : 2 : ittapi_config_apply_per_lib :  ITTAPI function not implemented: __itt_counter_dec_delta_v3
3900419 : 0x2baac8ea40e7fd : 2 : ittapi_config_apply_per_lib :  ITTAPI function not implemented: __itt_marker
3900419 : 0x2baac8ea40f695 : 2 : ittapi_config_apply_per_lib :  ITTAPI function instrumented: __itt_metadata_add
3900419 : 0x2baac8ea4104b9 : 2 : ittapi_config_apply_per_lib :  ITTAPI function not implemented: __itt_metadata_str_add
3900419 : 0x2baac8ea411225 : 2 : ittapi_config_apply_per_lib :  ITTAPI function not implemented: __itt_relation_add_to_current
3900419 : 0x2baac8ea411f3b : 2 : ittapi_config_apply_per_lib :  ITTAPI function not implemented: __itt_relation_add
3900419 : 0x2baac8ea412bc7 : 2 : ittapi_config_apply_per_lib :  ITTAPI function instrumented: __itt_event_create
3900419 : 0x2baac8ea413919 : 2 : ittapi_config_apply_per_lib :  ITTAPI function instrumented: __itt_event_start
3900419 : 0x2baac8ea414431 : 2 : ittapi_config_apply_per_lib :  ITTAPI function instrumented: __itt_event_end
3900419 : 0x2baac8ea414adb : 2 : ittapi_config_apply_per_lib :  ITTAPI function NOT instrumented (not matched by --itt-config option): __itt_sync_set_name

3900419 : 0x2baac8ea415163 : 2 : ittapi_config_apply_per_lib :  ITTAPI function NOT instrumented (not matched by --itt-config option): __itt_notify_sync_name

3900419 : 0x2baac8ea4198cf : 2 : ittapi_config_apply_per_lib :  ITTAPI function NOT instrumented (not matched by --itt-config option): __itt_notify_sync_prepare

3900419 : 0x2baac8ea419efb : 2 : ittapi_config_apply_per_lib :  ITTAPI function NOT instrumented (not matched by --itt-config option): __itt_notify_sync_cancel

3900419 : 0x2baac8ea41a6a5 : 2 : ittapi_config_apply_per_lib :  ITTAPI function NOT instrumented (not matched by --itt-config option): __itt_notify_sync_acquired

3900419 : 0x2baac8ea41abfd : 2 : ittapi_config_apply_per_lib :  ITTAPI function NOT instrumented (not matched by --itt-config option): __itt_notify_sync_releasing

3900419 : 0x2baac8ea41bdc1 : 2 : ittapi_config_apply_per_lib :  ITTAPI function not implemented: __itt_memory_read
3900419 : 0x2baac8ea41ceab : 2 : ittapi_config_apply_per_lib :  ITTAPI function not implemented: __itt_memory_write
3900419 : 0x2baac8ea41dd7b : 2 : ittapi_config_apply_per_lib :  ITTAPI function not implemented: __itt_memory_update
3900419 : 0x2baac8ea41eaa1 : 2 : ittapi_config_apply_per_lib :  ITTAPI function not implemented: __itt_state_get
3900419 : 0x2baac8ea41f9d5 : 2 : ittapi_config_apply_per_lib :  ITTAPI function not implemented: __itt_state_set
3900419 : 0x2baac8ea42075f : 2 : ittapi_config_apply_per_lib :  ITTAPI function not implemented: __itt_obj_mode_set
3900419 : 0x2baac8ea42473f : 2 : ittapi_config_apply_per_lib :  ITTAPI function not implemented: __itt_thr_mode_set
3900419 : 0x2baac8ea4253fb : 2 : ittapi_config_apply_per_lib :  ITTAPI function instrumented: __itt_frame_create
3900419 : 0x2baac8ea4260d7 : 2 : ittapi_config_apply_per_lib :  ITTAPI function instrumented: __itt_pt_region_create
3900419 : 0x2baac8ea426ebf : 2 : ittapi_config_apply_per_lib :  ITTAPI function instrumented: __itt_frame_begin
3900419 : 0x2baac8ea428735 : 2 : ittapi_config_apply_per_lib :  ITTAPI function instrumented: __itt_frame_end
3900419 : 0x2baac8ea42959f : 2 : ittapi_config_apply_per_lib :  ITTAPI function not implemented: __itt_counter_destroy
3900419 : 0x2baac8ea42a4b7 : 2 : ittapi_config_apply_per_lib :  ITTAPI function instrumented: __itt_counter_inc
3900419 : 0x2baac8ea42b13b : 2 : ittapi_config_apply_per_lib :  ITTAPI function instrumented: __itt_counter_inc_delta
3900419 : 0x2baac8ea42bef5 : 2 : ittapi_config_apply_per_lib :  ITTAPI function instrumented: __itt_counter_dec
3900419 : 0x2baac8ea42d73f : 2 : ittapi_config_apply_per_lib :  ITTAPI function instrumented: __itt_counter_dec_delta
3900419 : 0x2baac8ea431e5f : 2 : ittapi_config_apply_per_lib :  ITTAPI function instrumented: __itt_counter_set_value
3900419 : 0x2baac8ea432d1d : 2 : ittapi_config_apply_per_lib :  ITTAPI function not implemented: __itt_counter_set_value_ex
3900419 : 0x2baac8ea433c63 : 2 : ittapi_config_apply_per_lib :  ITTAPI function not implemented: __itt_mark_create
3900419 : 0x2baac8ea434ca1 : 2 : ittapi_config_apply_per_lib :  ITTAPI function not implemented: __itt_mark
3900419 : 0x2baac8ea435c17 : 2 : ittapi_config_apply_per_lib :  ITTAPI function not implemented: __itt_mark_off
3900419 : 0x2baac8ea436ae1 : 2 : ittapi_config_apply_per_lib :  ITTAPI function not implemented: __itt_mark_global
3900419 : 0x2baac8ea43798f : 2 : ittapi_config_apply_per_lib :  ITTAPI function not implemented: __itt_mark_global_off
3900419 : 0x2baac8ea4387eb : 2 : ittapi_config_apply_per_lib :  ITTAPI function instrumented: __itt_stack_caller_create
3900419 : 0x2baac8ea43953f : 2 : ittapi_config_apply_per_lib :  ITTAPI function instrumented: __itt_stack_caller_destroy
3900419 : 0x2baac8ea43a1b1 : 2 : ittapi_config_apply_per_lib :  ITTAPI function instrumented: __itt_stack_callee_enter
3900419 : 0x2baac8ea43fb63 : 2 : ittapi_config_apply_per_lib :  ITTAPI function instrumented: __itt_stack_callee_leave
3900419 : 0x2baac8ea4409a7 : 2 : ittapi_config_apply_per_lib :  ITTAPI function not implemented: __itt_clock_domain_create
3900419 : 0x2baac8ea441947 : 2 : ittapi_config_apply_per_lib :  ITTAPI function not implemented: __itt_clock_domain_reset
3900419 : 0x2baac8ea442851 : 2 : ittapi_config_apply_per_lib :  ITTAPI function not implemented: __itt_id_create_ex
3900419 : 0x2baac8ea44362d : 2 : ittapi_config_apply_per_lib :  ITTAPI function not implemented: __itt_id_destroy_ex
3900419 : 0x2baac8ea44435f : 2 : ittapi_config_apply_per_lib :  ITTAPI function not implemented: __itt_task_begin_ex
3900419 : 0x2baac8ea444fbf : 2 : ittapi_config_apply_per_lib :  ITTAPI function not implemented: __itt_task_begin_fn_ex
3900419 : 0x2baac8ea445c49 : 2 : ittapi_config_apply_per_lib :  ITTAPI function not implemented: __itt_task_end_ex
3900419 : 0x2baac8ea4469c9 : 2 : ittapi_config_apply_per_lib :  ITTAPI function instrumented: __itt_task_begin_overlapped
3900419 : 0x2baac8ea447979 : 2 : ittapi_config_apply_per_lib :  ITTAPI function not implemented: __itt_task_begin_overlapped_ex
3900419 : 0x2baac8ea44c40f : 2 : ittapi_config_apply_per_lib :  ITTAPI function instrumented: __itt_task_end_overlapped
3900419 : 0x2baac8ea44d1e9 : 2 : ittapi_config_apply_per_lib :  ITTAPI function not implemented: __itt_task_end_overlapped_ex
3900419 : 0x2baac8ea44e0a1 : 2 : ittapi_config_apply_per_lib :  ITTAPI function not implemented: __itt_marker_ex
3900419 : 0x2baac8ea44f01d : 2 : ittapi_config_apply_per_lib :  ITTAPI function not implemented: __itt_metadata_add_with_scope
3900419 : 0x2baac8ea44ff03 : 2 : ittapi_config_apply_per_lib :  ITTAPI function not implemented: __itt_metadata_str_add_with_scope
3900419 : 0x2baac8ea450d4f : 2 : ittapi_config_apply_per_lib :  ITTAPI function not implemented: __itt_relation_add_to_current_ex
3900419 : 0x2baac8ea4519ad : 2 : ittapi_config_apply_per_lib :  ITTAPI function not implemented: __itt_relation_add_ex
3900419 : 0x2baac8ea4527fb : 2 : ittapi_config_apply_per_lib :  ITTAPI function not implemented: __itt_track_group_create
3900419 : 0x2baac8ea45348d : 2 : ittapi_config_apply_per_lib :  ITTAPI function not implemented: __itt_track_create
3900419 : 0x2baac8ea4541fd : 2 : ittapi_config_apply_per_lib :  ITTAPI function not implemented: __itt_set_track
3900419 : 0x2baac8ea4591eb : 2 : ittapi_config_apply_per_lib :  ITTAPI function instrumented: __itt_api_version
3900419 : 0x2baac8ea459ff1 : 2 : ittapi_config_apply_per_lib :  ITTAPI function not implemented: __itt_av_save
3900419 : 0x2baac8ea45ad71 : 2 : ittapi_config_apply_per_lib :  ITTAPI function instrumented: __itt_module_load
3900419 : 0x2baac8ea45bedb : 2 : ittapi_config_apply_per_lib :  ITTAPI function not implemented: __itt_module_unload
3900419 : 0x2baac8ea45c535 : 2 : ittapi_config_apply_per_lib :  ITTAPI function NOT instrumented (not matched by --itt-config option): __itt_histogram_submit

3900419 : 0x2baac8ea45d525 : 2 : ittapi_config_apply_per_lib :  ITTAPI function instrumented: __itt_counter_set_value_v3