0 [3991201536] INFO perfrun.launcher <> - Launcher main begin
1 [3991201536] INFO perfrun.launcher <> - MessageCatalogInit finished
1 [3991201536] INFO perfrun.launcher <> - Launcher instance created
1 [3991201536] INFO perfrun.launcher <> - argc = 6; cmdline = /opt/intel/oneapi/vtune/2025.0/bin32/amplxe-runss -dump-vdso -r /home/junyao/code/cc-HNSW/mutex1 --tmp-dir /tmp/amplxe-tmp-junyao 
16 [3991201536] INFO perfrun.launcher <> - create msngr2::ICliToolContext
16 [3991201536] INFO perfrun.launcher <> - create file finder object
28 [3990670016] INFO perfrun.launcher <> - plugin [remoteplug] was disabled because it doesn't support the given collection type.
28 [3990670016] INFO perfrun.launcher <> - plugin [] was disabled because it doesn't support the given collection type.
28 [3990670016] INFO perfrun.vdso <> - dumping [vdso] pseudomodule
28 [3990670016] INFO perfrun.launcher <> - plugin [] was disabled because it doesn't support the given collection type.
28 [3990670016] INFO perfrun.launcher <> - plugin [] was disabled because it doesn't support the given collection type.
28 [3990670016] INFO perfrun.launcher <> - plugin [] was disabled because it doesn't support the given collection type.
28 [3990670016] INFO perfrun.launcher <> - plugin [] was disabled because it doesn't support the given collection type.
28 [3990670016] INFO perfrun.launcher <> - plugin [] was disabled because it doesn't support the given collection type.
28 [3990670016] INFO perfrun.launcher <> - plugin [] was disabled because it doesn't support the given collection type.
28 [3990670016] INFO perfrun.launcher <> - plugin [] was disabled because it doesn't support the given collection type.
28 [3990670016] INFO perfrun.launcher <> - plugin [] was disabled because it doesn't support the given collection type.
28 [3990670016] INFO perfrun.launcher <> - plugin [] was disabled because it doesn't support the given collection type.
28 [3990670016] INFO perfrun.launcher <> - plugin [] was disabled because it doesn't support the given collection type.
28 [3990670016] INFO perfrun.launcher <> - plugin [] was disabled because it doesn't support the given collection type.
28 [3990670016] INFO perfrun.launcher <> - plugin [] was disabled because it doesn't support the given collection type.
28 [3990670016] INFO perfrun.launcher <> - plugin [] was disabled because it doesn't support the given collection type.
28 [3990670016] INFO perfrun.launcher <> - plugin [] was disabled because it doesn't support the given collection type.
28 [3990670016] INFO perfrun.launcher <> - plugin [] was disabled because it doesn't support the given collection type.
28 [3990670016] INFO perfrun.launcher <> - plugin [] was disabled because it doesn't support the given collection type.
28 [3990670016] INFO perfrun.launcher <> - plugin [] was disabled because it doesn't support the given collection type.
28 [3990670016] INFO perfrun.launcher <> - plugin [] was disabled because it doesn't support the given collection type.
28 [3990670016] INFO perfrun.launcher <> - plugin [] was disabled because it doesn't support the given collection type.
28 [3990670016] INFO perfrun.launcher <> - plugin [] was disabled because it doesn't support the given collection type.
28 [3990670016] INFO perfrun.launcher <> - plugin [] was disabled because it doesn't support the given collection type.
28 [3990670016] INFO perfrun.launcher <> - plugin [] was disabled because it doesn't support the given collection type.
28 [3990670016] INFO perfrun.launcher <> - plugin [] was disabled because it doesn't support the given collection type.
28 [3990670016] INFO perfrun.launcher <> - plugin [] was disabled because it doesn't support the given collection type.
28 [3991201536] INFO perfrun.launcher <> - Application exit code: 0
28 [3991201536] INFO perfrun.launcher <> - Exit code: 0
